{"meta": {"format": 3, "version": "7.6.12", "timestamp": "2025-10-25T18:45:15.253724", "branch_coverage": false, "show_contexts": false}, "files": {"api/__init__.py": {"executed_lines": [], "summary": {"covered_lines": 0, "num_statements": 2, "percent_covered": 0.0, "percent_covered_display": "0", "missing_lines": 2, "excluded_lines": 0}, "missing_lines": [3, 5], "excluded_lines": [], "functions": {"": {"executed_lines": [], "summary": {"covered_lines": 0, "num_statements": 2, "percent_covered": 0.0, "percent_covered_display": "0", "missing_lines": 2, "excluded_lines": 0}, "missing_lines": [3, 5], "excluded_lines": []}}, "classes": {"": {"executed_lines": [], "summary": {"covered_lines": 0, "num_statements": 2, "percent_covered": 0.0, "percent_covered_display": "0", "missing_lines": 2, "excluded_lines": 0}, "missing_lines": [3, 5], "excluded_lines": []}}}, "api/server.py": {"executed_lines": [], "summary": {"covered_lines": 0, "num_statements": 359, "percent_covered": 0.0, "percent_covered_display": "0", "missing_lines": 359, "excluded_lines": 2}, "missing_lines": [1, 2, 3, 4, 5, 6, 7, 8, 14, 17, 24, 25, 26, 27, 28, 31, 70, 72, 73, 75, 76, 77, 78, 79, 80, 82, 83, 84, 86, 87, 89, 90, 91, 93, 95, 96, 98, 99, 102, 103, 104, 105, 108, 109, 111, 112, 114, 116, 117, 119, 121, 122, 123, 124, 127, 128, 130, 131, 132, 134, 141, 143, 145, 146, 147, 150, 151, 152, 153, 154, 155, 156, 159, 161, 164, 166, 167, 168, 169, 170, 173, 174, 176, 185, 187, 188, 190, 192, 193, 199, 201, 202, 204, 205, 206, 207, 208, 210, 213, 216, 217, 219, 221, 222, 226, 228, 229, 230, 231, 233, 240, 242, 244, 245, 246, 248, 250, 251, 252, 254, 256, 257, 259, 261, 262, 263, 264, 266, 273, 275, 277, 278, 279, 280, 282, 289, 293, 295, 296, 297, 300, 301, 302, 304, 306, 308, 309, 310, 312, 314, 317, 318, 321, 324, 327, 330, 331, 333, 334, 335, 339, 341, 342, 343, 345, 346, 347, 349, 350, 351, 352, 355, 356, 358, 360, 363, 364, 367, 368, 370, 372, 374, 375, 376, 378, 379, 380, 383, 384, 387, 388, 389, 391, 392, 393, 397, 399, 400, 401, 404, 411, 412, 413, 416, 417, 419, 421, 422, 423, 425, 426, 427, 428, 429, 430, 431, 433, 434, 435, 437, 439, 440, 441, 443, 445, 448, 449, 452, 453, 456, 457, 458, 459, 460, 461, 464, 465, 466, 470, 472, 473, 474, 476, 477, 478, 479, 481, 482, 483, 485, 492, 493, 494, 501, 503, 505, 506, 507, 509, 510, 512, 514, 515, 516, 518, 519, 520, 522, 524, 525, 526, 528, 529, 531, 532, 533, 534, 536, 537, 538, 542, 544, 545, 546, 547, 549, 556, 558, 560, 561, 562, 563, 565, 572, 574, 576, 577, 581, 583, 584, 585, 587, 588, 589, 592, 593, 594, 595, 596, 597, 599, 603, 605, 606, 607, 608, 610, 612, 613, 617, 619, 621, 622, 624, 635, 636, 637, 644, 645, 646, 648, 650, 651, 652, 654, 655, 656, 658, 659, 660, 662, 664, 666, 667, 669, 671, 680, 681, 682, 684, 686, 687, 689, 691, 692, 693, 703, 709, 710], "excluded_lines": [10, 11], "functions": {"APIServer.__init__": {"executed_lines": [], "summary": {"covered_lines": 0, "num_statements": 6, "percent_covered": 0.0, "percent_covered_display": "0", "missing_lines": 6, "excluded_lines": 0}, "missing_lines": [24, 25, 26, 27, 28, 31], "excluded_lines": []}, "APIServer.start": {"executed_lines": [], "summary": {"covered_lines": 0, "num_statements": 16, "percent_covered": 0.0, "percent_covered_display": "0", "missing_lines": 16, "excluded_lines": 0}, "missing_lines": [72, 73, 75, 76, 77, 78, 79, 80, 82, 83, 84, 86, 87, 89, 90, 91], "excluded_lines": []}, "APIServer.stop": {"executed_lines": [], "summary": {"covered_lines": 0, "num_statements": 12, "percent_covered": 0.0, "percent_covered_display": "0", "missing_lines": 12, "excluded_lines": 0}, "missing_lines": [95, 96, 98, 99, 102, 103, 104, 105, 108, 109, 111, 112], "excluded_lines": []}, "APIServer._handle_clients": {"executed_lines": [], "summary": {"covered_lines": 0, "num_statements": 12, "percent_covered": 0.0, "percent_covered_display": "0", "missing_lines": 12, "excluded_lines": 0}, "missing_lines": [116, 117, 119, 121, 122, 123, 124, 127, 128, 130, 131, 132], "excluded_lines": []}, "APIServer._handle_client_request": {"executed_lines": [], "summary": {"covered_lines": 0, "num_statements": 22, "percent_covered": 0.0, "percent_covered_display": "0", "missing_lines": 22, "excluded_lines": 0}, "missing_lines": [141, 143, 145, 146, 147, 150, 151, 152, 153, 154, 155, 156, 159, 161, 164, 166, 167, 168, 169, 170, 173, 174], "excluded_lines": []}, "APIServer._execute_command": {"executed_lines": [], "summary": {"covered_lines": 0, "num_statements": 16, "percent_covered": 0.0, "percent_covered_display": "0", "missing_lines": 16, "excluded_lines": 0}, "missing_lines": [185, 187, 188, 190, 192, 193, 199, 201, 202, 204, 213, 216, 217, 219, 221, 222], "excluded_lines": []}, "APIServer._execute_command.execute_on_main_thread": {"executed_lines": [], "summary": {"covered_lines": 0, "num_statements": 5, "percent_covered": 0.0, "percent_covered_display": "0", "missing_lines": 5, "excluded_lines": 0}, "missing_lines": [205, 206, 207, 208, 210], "excluded_lines": []}, "APIServer._handle_play_pause": {"executed_lines": [], "summary": {"covered_lines": 0, "num_statements": 6, "percent_covered": 0.0, "percent_covered_display": "0", "missing_lines": 6, "excluded_lines": 0}, "missing_lines": [228, 229, 230, 231, 233, 240], "excluded_lines": []}, "APIServer._handle_play": {"executed_lines": [], "summary": {"covered_lines": 0, "num_statements": 3, "percent_covered": 0.0, "percent_covered_display": "0", "missing_lines": 3, "excluded_lines": 0}, "missing_lines": [244, 245, 246], "excluded_lines": []}, "APIServer._handle_pause": {"executed_lines": [], "summary": {"covered_lines": 0, "num_statements": 3, "percent_covered": 0.0, "percent_covered_display": "0", "missing_lines": 3, "excluded_lines": 0}, "missing_lines": [250, 251, 252], "excluded_lines": []}, "APIServer._handle_stop": {"executed_lines": [], "summary": {"covered_lines": 0, "num_statements": 2, "percent_covered": 0.0, "percent_covered_display": "0", "missing_lines": 2, "excluded_lines": 0}, "missing_lines": [256, 257], "excluded_lines": []}, "APIServer._handle_next": {"executed_lines": [], "summary": {"covered_lines": 0, "num_statements": 6, "percent_covered": 0.0, "percent_covered_display": "0", "missing_lines": 6, "excluded_lines": 0}, "missing_lines": [261, 262, 263, 264, 266, 273], "excluded_lines": []}, "APIServer._handle_previous": {"executed_lines": [], "summary": {"covered_lines": 0, "num_statements": 6, "percent_covered": 0.0, "percent_covered_display": "0", "missing_lines": 6, "excluded_lines": 0}, "missing_lines": [277, 278, 279, 280, 282, 289], "excluded_lines": []}, "APIServer._handle_select_track": {"executed_lines": [], "summary": {"covered_lines": 0, "num_statements": 7, "percent_covered": 0.0, "percent_covered_display": "0", "missing_lines": 7, "excluded_lines": 0}, "missing_lines": [295, 296, 297, 300, 301, 302, 304], "excluded_lines": []}, "APIServer._handle_play_track_at_index": {"executed_lines": [], "summary": {"covered_lines": 0, "num_statements": 15, "percent_covered": 0.0, "percent_covered_display": "0", "missing_lines": 15, "excluded_lines": 0}, "missing_lines": [308, 309, 310, 312, 314, 317, 318, 321, 324, 327, 330, 331, 333, 334, 335], "excluded_lines": []}, "APIServer._handle_add_to_queue": {"executed_lines": [], "summary": {"covered_lines": 0, "num_statements": 13, "percent_covered": 0.0, "percent_covered_display": "0", "missing_lines": 13, "excluded_lines": 0}, "missing_lines": [341, 342, 343, 345, 346, 347, 349, 350, 351, 352, 355, 356, 358], "excluded_lines": []}, "APIServer._handle_clear_queue": {"executed_lines": [], "summary": {"covered_lines": 0, "num_statements": 5, "percent_covered": 0.0, "percent_covered_display": "0", "missing_lines": 5, "excluded_lines": 0}, "missing_lines": [363, 364, 367, 368, 370], "excluded_lines": []}, "APIServer._handle_remove_from_queue": {"executed_lines": [], "summary": {"covered_lines": 0, "num_statements": 14, "percent_covered": 0.0, "percent_covered_display": "0", "missing_lines": 14, "excluded_lines": 0}, "missing_lines": [374, 375, 376, 378, 379, 380, 383, 384, 387, 388, 389, 391, 392, 393], "excluded_lines": []}, "APIServer._handle_switch_view": {"executed_lines": [], "summary": {"covered_lines": 0, "num_statements": 9, "percent_covered": 0.0, "percent_covered_display": "0", "missing_lines": 9, "excluded_lines": 0}, "missing_lines": [399, 400, 401, 404, 411, 412, 413, 416, 417], "excluded_lines": []}, "APIServer._handle_select_library_item": {"executed_lines": [], "summary": {"covered_lines": 0, "num_statements": 13, "percent_covered": 0.0, "percent_covered_display": "0", "missing_lines": 13, "excluded_lines": 0}, "missing_lines": [421, 422, 423, 425, 426, 427, 428, 429, 430, 431, 433, 434, 435], "excluded_lines": []}, "APIServer._handle_select_queue_item": {"executed_lines": [], "summary": {"covered_lines": 0, "num_statements": 18, "percent_covered": 0.0, "percent_covered_display": "0", "missing_lines": 18, "excluded_lines": 0}, "missing_lines": [439, 440, 441, 443, 445, 448, 449, 452, 453, 456, 457, 458, 459, 460, 461, 464, 465, 466], "excluded_lines": []}, "APIServer._handle_set_volume": {"executed_lines": [], "summary": {"covered_lines": 0, "num_statements": 15, "percent_covered": 0.0, "percent_covered_display": "0", "missing_lines": 15, "excluded_lines": 0}, "missing_lines": [472, 473, 474, 476, 477, 478, 479, 481, 482, 483, 485, 492, 493, 494, 501], "excluded_lines": []}, "APIServer._handle_seek": {"executed_lines": [], "summary": {"covered_lines": 0, "num_statements": 12, "percent_covered": 0.0, "percent_covered_display": "0", "missing_lines": 12, "excluded_lines": 0}, "missing_lines": [505, 506, 507, 509, 510, 512, 514, 515, 516, 518, 519, 520], "excluded_lines": []}, "APIServer._handle_seek_to_position": {"executed_lines": [], "summary": {"covered_lines": 0, "num_statements": 12, "percent_covered": 0.0, "percent_covered_display": "0", "missing_lines": 12, "excluded_lines": 0}, "missing_lines": [524, 525, 526, 528, 529, 531, 532, 533, 534, 536, 537, 538], "excluded_lines": []}, "APIServer._handle_toggle_loop": {"executed_lines": [], "summary": {"covered_lines": 0, "num_statements": 6, "percent_covered": 0.0, "percent_covered_display": "0", "missing_lines": 6, "excluded_lines": 0}, "missing_lines": [544, 545, 546, 547, 549, 556], "excluded_lines": []}, "APIServer._handle_toggle_shuffle": {"executed_lines": [], "summary": {"covered_lines": 0, "num_statements": 6, "percent_covered": 0.0, "percent_covered_display": "0", "missing_lines": 6, "excluded_lines": 0}, "missing_lines": [560, 561, 562, 563, 565, 572], "excluded_lines": []}, "APIServer._handle_toggle_favorite": {"executed_lines": [], "summary": {"covered_lines": 0, "num_statements": 2, "percent_covered": 0.0, "percent_covered_display": "0", "missing_lines": 2, "excluded_lines": 0}, "missing_lines": [576, 577], "excluded_lines": []}, "APIServer._handle_media_key": {"executed_lines": [], "summary": {"covered_lines": 0, "num_statements": 13, "percent_covered": 0.0, "percent_covered_display": "0", "missing_lines": 13, "excluded_lines": 0}, "missing_lines": [583, 584, 585, 587, 588, 589, 592, 593, 594, 595, 596, 597, 599], "excluded_lines": []}, "APIServer._handle_search": {"executed_lines": [], "summary": {"covered_lines": 0, "num_statements": 4, "percent_covered": 0.0, "percent_covered_display": "0", "missing_lines": 4, "excluded_lines": 0}, "missing_lines": [605, 606, 607, 608], "excluded_lines": []}, "APIServer._handle_clear_search": {"executed_lines": [], "summary": {"covered_lines": 0, "num_statements": 2, "percent_covered": 0.0, "percent_covered_display": "0", "missing_lines": 2, "excluded_lines": 0}, "missing_lines": [612, 613], "excluded_lines": []}, "APIServer._handle_get_status": {"executed_lines": [], "summary": {"covered_lines": 0, "num_statements": 10, "percent_covered": 0.0, "percent_covered_display": "0", "missing_lines": 10, "excluded_lines": 0}, "missing_lines": [619, 621, 622, 624, 635, 636, 637, 644, 645, 646], "excluded_lines": []}, "APIServer._handle_get_current_track": {"executed_lines": [], "summary": {"covered_lines": 0, "num_statements": 9, "percent_covered": 0.0, "percent_covered_display": "0", "missing_lines": 9, "excluded_lines": 0}, "missing_lines": [650, 651, 652, 654, 655, 656, 658, 659, 660], "excluded_lines": []}, "APIServer._handle_get_queue": {"executed_lines": [], "summary": {"covered_lines": 0, "num_statements": 8, "percent_covered": 0.0, "percent_covered_display": "0", "missing_lines": 8, "excluded_lines": 0}, "missing_lines": [664, 666, 667, 669, 671, 680, 681, 682], "excluded_lines": []}, "APIServer._handle_get_library": {"executed_lines": [], "summary": {"covered_lines": 0, "num_statements": 9, "percent_covered": 0.0, "percent_covered_display": "0", "missing_lines": 9, "excluded_lines": 0}, "missing_lines": [686, 687, 689, 691, 692, 693, 703, 709, 710], "excluded_lines": []}, "": {"executed_lines": [], "summary": {"covered_lines": 0, "num_statements": 42, "percent_covered": 0.0, "percent_covered_display": "0", "missing_lines": 42, "excluded_lines": 2}, "missing_lines": [1, 2, 3, 4, 5, 6, 7, 8, 14, 17, 70, 93, 114, 134, 176, 226, 242, 248, 254, 259, 275, 293, 306, 339, 360, 372, 397, 419, 437, 470, 503, 522, 542, 558, 574, 581, 603, 610, 617, 648, 662, 684], "excluded_lines": [10, 11]}}, "classes": {"APIServer": {"executed_lines": [], "summary": {"covered_lines": 0, "num_statements": 317, "percent_covered": 0.0, "percent_covered_display": "0", "missing_lines": 317, "excluded_lines": 0}, "missing_lines": [24, 25, 26, 27, 28, 31, 72, 73, 75, 76, 77, 78, 79, 80, 82, 83, 84, 86, 87, 89, 90, 91, 95, 96, 98, 99, 102, 103, 104, 105, 108, 109, 111, 112, 116, 117, 119, 121, 122, 123, 124, 127, 128, 130, 131, 132, 141, 143, 145, 146, 147, 150, 151, 152, 153, 154, 155, 156, 159, 161, 164, 166, 167, 168, 169, 170, 173, 174, 185, 187, 188, 190, 192, 193, 199, 201, 202, 204, 205, 206, 207, 208, 210, 213, 216, 217, 219, 221, 222, 228, 229, 230, 231, 233, 240, 244, 245, 246, 250, 251, 252, 256, 257, 261, 262, 263, 264, 266, 273, 277, 278, 279, 280, 282, 289, 295, 296, 297, 300, 301, 302, 304, 308, 309, 310, 312, 314, 317, 318, 321, 324, 327, 330, 331, 333, 334, 335, 341, 342, 343, 345, 346, 347, 349, 350, 351, 352, 355, 356, 358, 363, 364, 367, 368, 370, 374, 375, 376, 378, 379, 380, 383, 384, 387, 388, 389, 391, 392, 393, 399, 400, 401, 404, 411, 412, 413, 416, 417, 421, 422, 423, 425, 426, 427, 428, 429, 430, 431, 433, 434, 435, 439, 440, 441, 443, 445, 448, 449, 452, 453, 456, 457, 458, 459, 460, 461, 464, 465, 466, 472, 473, 474, 476, 477, 478, 479, 481, 482, 483, 485, 492, 493, 494, 501, 505, 506, 507, 509, 510, 512, 514, 515, 516, 518, 519, 520, 524, 525, 526, 528, 529, 531, 532, 533, 534, 536, 537, 538, 544, 545, 546, 547, 549, 556, 560, 561, 562, 563, 565, 572, 576, 577, 583, 584, 585, 587, 588, 589, 592, 593, 594, 595, 596, 597, 599, 605, 606, 607, 608, 612, 613, 619, 621, 622, 624, 635, 636, 637, 644, 645, 646, 650, 651, 652, 654, 655, 656, 658, 659, 660, 664, 666, 667, 669, 671, 680, 681, 682, 686, 687, 689, 691, 692, 693, 703, 709, 710], "excluded_lines": []}, "": {"executed_lines": [], "summary": {"covered_lines": 0, "num_statements": 42, "percent_covered": 0.0, "percent_covered_display": "0", "missing_lines": 42, "excluded_lines": 2}, "missing_lines": [1, 2, 3, 4, 5, 6, 7, 8, 14, 17, 70, 93, 114, 134, 176, 226, 242, 248, 254, 259, 275, 293, 306, 339, 360, 372, 397, 419, 437, 470, 503, 522, 542, 558, 574, 581, 603, 610, 617, 648, 662, 684], "excluded_lines": [10, 11]}}}, "core/db/__init__.py": {"executed_lines": [1, 3, 8, 60], "summary": {"covered_lines": 3, "num_statements": 3, "percent_covered": 100.0, "percent_covered_display": "100", "missing_lines": 0, "excluded_lines": 0}, "missing_lines": [], "excluded_lines": [], "functions": {"": {"executed_lines": [1, 3, 8, 60], "summary": {"covered_lines": 3, "num_statements": 3, "percent_covered": 100.0, "percent_covered_display": "100", "missing_lines": 0, "excluded_lines": 0}, "missing_lines": [], "excluded_lines": []}}, "classes": {"": {"executed_lines": [1, 3, 8, 60], "summary": {"covered_lines": 3, "num_statements": 3, "percent_covered": 100.0, "percent_covered_display": "100", "missing_lines": 0, "excluded_lines": 0}, "missing_lines": [], "excluded_lines": []}}}, "core/db/database.py": {"executed_lines": [1, 2, 3, 4, 5, 6, 9, 10, 19, 21, 22, 23, 26, 27, 30, 31, 32, 33, 36, 37, 38, 40, 41, 42, 44, 45, 46, 48, 50, 52, 53, 56, 57, 59, 60, 62, 63, 65, 66, 68, 71, 72, 74, 77, 80, 83, 86, 89, 92, 95, 98, 101, 105, 108, 109, 111, 124, 127, 132, 137, 140, 143, 146, 147, 149, 150, 152, 155, 158, 162, 163, 165, 166, 168, 171, 174, 177, 178, 181, 182, 184, 185, 187, 188, 190, 191, 193, 196, 199], "summary": {"covered_lines": 87, "num_statements": 115, "percent_covered": 75.65217391304348, "percent_covered_display": "76", "missing_lines": 28, "excluded_lines": 0}, "missing_lines": [69, 75, 78, 81, 84, 87, 90, 93, 96, 99, 102, 106, 122, 125, 130, 135, 138, 141, 144, 153, 156, 159, 169, 172, 175, 194, 197, 200], "excluded_lines": [], "functions": {"MusicDatabase.__init__": {"executed_lines": [21, 22, 23, 26, 27, 30, 31, 32, 33, 36, 37, 38, 40, 41, 42, 44, 45, 46, 48], "summary": {"covered_lines": 19, "num_statements": 19, "percent_covered": 100.0, "percent_covered_display": "100", "missing_lines": 0, "excluded_lines": 0}, "missing_lines": [], "excluded_lines": []}, "MusicDatabase.close": {"executed_lines": [52, 53], "summary": {"covered_lines": 2, "num_statements": 2, "percent_covered": 100.0, "percent_covered_display": "100", "missing_lines": 0, "excluded_lines": 0}, "missing_lines": [], "excluded_lines": []}, "MusicDatabase.get_loop_enabled": {"executed_lines": [57], "summary": {"covered_lines": 1, "num_statements": 1, "percent_covered": 100.0, "percent_covered_display": "100", "missing_lines": 0, "excluded_lines": 0}, "missing_lines": [], "excluded_lines": []}, "MusicDatabase.set_loop_enabled": {"executed_lines": [60], "summary": {"covered_lines": 1, "num_statements": 1, "percent_covered": 100.0, "percent_covered_display": "100", "missing_lines": 0, "excluded_lines": 0}, "missing_lines": [], "excluded_lines": []}, "MusicDatabase.get_shuffle_enabled": {"executed_lines": [63], "summary": {"covered_lines": 1, "num_statements": 1, "percent_covered": 100.0, "percent_covered_display": "100", "missing_lines": 0, "excluded_lines": 0}, "missing_lines": [], "excluded_lines": []}, "MusicDatabase.set_shuffle_enabled": {"executed_lines": [66], "summary": {"covered_lines": 1, "num_statements": 1, "percent_covered": 100.0, "percent_covered_display": "100", "missing_lines": 0, "excluded_lines": 0}, "missing_lines": [], "excluded_lines": []}, "MusicDatabase.get_volume": {"executed_lines": [], "summary": {"covered_lines": 0, "num_statements": 1, "percent_covered": 0.0, "percent_covered_display": "0", "missing_lines": 1, "excluded_lines": 0}, "missing_lines": [69], "excluded_lines": []}, "MusicDatabase.set_volume": {"executed_lines": [72], "summary": {"covered_lines": 1, "num_statements": 1, "percent_covered": 100.0, "percent_covered_display": "100", "missing_lines": 0, "excluded_lines": 0}, "missing_lines": [], "excluded_lines": []}, "MusicDatabase.get_ui_preference": {"executed_lines": [], "summary": {"covered_lines": 0, "num_statements": 1, "percent_covered": 0.0, "percent_covered_display": "0", "missing_lines": 1, "excluded_lines": 0}, "missing_lines": [75], "excluded_lines": []}, "MusicDatabase.set_ui_preference": {"executed_lines": [], "summary": {"covered_lines": 0, "num_statements": 1, "percent_covered": 0.0, "percent_covered_display": "0", "missing_lines": 1, "excluded_lines": 0}, "missing_lines": [78], "excluded_lines": []}, "MusicDatabase.get_window_size": {"executed_lines": [], "summary": {"covered_lines": 0, "num_statements": 1, "percent_covered": 0.0, "percent_covered_display": "0", "missing_lines": 1, "excluded_lines": 0}, "missing_lines": [81], "excluded_lines": []}, "MusicDatabase.set_window_size": {"executed_lines": [], "summary": {"covered_lines": 0, "num_statements": 1, "percent_covered": 0.0, "percent_covered_display": "0", "missing_lines": 1, "excluded_lines": 0}, "missing_lines": [84], "excluded_lines": []}, "MusicDatabase.get_window_position": {"executed_lines": [], "summary": {"covered_lines": 0, "num_statements": 1, "percent_covered": 0.0, "percent_covered_display": "0", "missing_lines": 1, "excluded_lines": 0}, "missing_lines": [87], "excluded_lines": []}, "MusicDatabase.set_window_position": {"executed_lines": [], "summary": {"covered_lines": 0, "num_statements": 1, "percent_covered": 0.0, "percent_covered_display": "0", "missing_lines": 1, "excluded_lines": 0}, "missing_lines": [90], "excluded_lines": []}, "MusicDatabase.get_left_panel_width": {"executed_lines": [], "summary": {"covered_lines": 0, "num_statements": 1, "percent_covered": 0.0, "percent_covered_display": "0", "missing_lines": 1, "excluded_lines": 0}, "missing_lines": [93], "excluded_lines": []}, "MusicDatabase.set_left_panel_width": {"executed_lines": [], "summary": {"covered_lines": 0, "num_statements": 1, "percent_covered": 0.0, "percent_covered_display": "0", "missing_lines": 1, "excluded_lines": 0}, "missing_lines": [96], "excluded_lines": []}, "MusicDatabase.get_queue_column_widths": {"executed_lines": [], "summary": {"covered_lines": 0, "num_statements": 1, "percent_covered": 0.0, "percent_covered_display": "0", "missing_lines": 1, "excluded_lines": 0}, "missing_lines": [99], "excluded_lines": []}, "MusicDatabase.set_queue_column_width": {"executed_lines": [], "summary": {"covered_lines": 0, "num_statements": 1, "percent_covered": 0.0, "percent_covered_display": "0", "missing_lines": 1, "excluded_lines": 0}, "missing_lines": [102], "excluded_lines": []}, "MusicDatabase.get_existing_files": {"executed_lines": [], "summary": {"covered_lines": 0, "num_statements": 1, "percent_covered": 0.0, "percent_covered_display": "0", "missing_lines": 1, "excluded_lines": 0}, "missing_lines": [106], "excluded_lines": []}, "MusicDatabase.add_to_library": {"executed_lines": [109], "summary": {"covered_lines": 1, "num_statements": 1, "percent_covered": 100.0, "percent_covered_display": "100", "missing_lines": 0, "excluded_lines": 0}, "missing_lines": [], "excluded_lines": []}, "MusicDatabase.update_track_metadata": {"executed_lines": [], "summary": {"covered_lines": 0, "num_statements": 1, "percent_covered": 0.0, "percent_covered_display": "0", "missing_lines": 1, "excluded_lines": 0}, "missing_lines": [122], "excluded_lines": []}, "MusicDatabase.get_library_items": {"executed_lines": [], "summary": {"covered_lines": 0, "num_statements": 1, "percent_covered": 0.0, "percent_covered_display": "0", "missing_lines": 1, "excluded_lines": 0}, "missing_lines": [125], "excluded_lines": []}, "MusicDatabase.find_file_by_metadata": {"executed_lines": [], "summary": {"covered_lines": 0, "num_statements": 1, "percent_covered": 0.0, "percent_covered_display": "0", "missing_lines": 1, "excluded_lines": 0}, "missing_lines": [130], "excluded_lines": []}, "MusicDatabase.find_file_by_metadata_strict": {"executed_lines": [], "summary": {"covered_lines": 0, "num_statements": 1, "percent_covered": 0.0, "percent_covered_display": "0", "missing_lines": 1, "excluded_lines": 0}, "missing_lines": [135], "excluded_lines": []}, "MusicDatabase.search_library": {"executed_lines": [], "summary": {"covered_lines": 0, "num_statements": 1, "percent_covered": 0.0, "percent_covered_display": "0", "missing_lines": 1, "excluded_lines": 0}, "missing_lines": [138], "excluded_lines": []}, "MusicDatabase.get_library_statistics": {"executed_lines": [], "summary": {"covered_lines": 0, "num_statements": 1, "percent_covered": 0.0, "percent_covered_display": "0", "missing_lines": 1, "excluded_lines": 0}, "missing_lines": [141], "excluded_lines": []}, "MusicDatabase.delete_from_library": {"executed_lines": [], "summary": {"covered_lines": 0, "num_statements": 1, "percent_covered": 0.0, "percent_covered_display": "0", "missing_lines": 1, "excluded_lines": 0}, "missing_lines": [144], "excluded_lines": []}, "MusicDatabase.update_play_count": {"executed_lines": [147], "summary": {"covered_lines": 1, "num_statements": 1, "percent_covered": 100.0, "percent_covered_display": "100", "missing_lines": 0, "excluded_lines": 0}, "missing_lines": [], "excluded_lines": []}, "MusicDatabase.get_metadata_by_filepath": {"executed_lines": [150], "summary": {"covered_lines": 1, "num_statements": 1, "percent_covered": 100.0, "percent_covered_display": "100", "missing_lines": 0, "excluded_lines": 0}, "missing_lines": [], "excluded_lines": []}, "MusicDatabase.get_track_by_filepath": {"executed_lines": [], "summary": {"covered_lines": 0, "num_statements": 1, "percent_covered": 0.0, "percent_covered_display": "0", "missing_lines": 1, "excluded_lines": 0}, "missing_lines": [153], "excluded_lines": []}, "MusicDatabase.find_song_by_title_artist": {"executed_lines": [], "summary": {"covered_lines": 0, "num_statements": 1, "percent_covered": 0.0, "percent_covered_display": "0", "missing_lines": 1, "excluded_lines": 0}, "missing_lines": [156], "excluded_lines": []}, "MusicDatabase.is_duplicate": {"executed_lines": [], "summary": {"covered_lines": 0, "num_statements": 1, "percent_covered": 0.0, "percent_covered_display": "0", "missing_lines": 1, "excluded_lines": 0}, "missing_lines": [159], "excluded_lines": []}, "MusicDatabase.add_to_queue": {"executed_lines": [163], "summary": {"covered_lines": 1, "num_statements": 1, "percent_covered": 100.0, "percent_covered_display": "100", "missing_lines": 0, "excluded_lines": 0}, "missing_lines": [], "excluded_lines": []}, "MusicDatabase.get_queue_items": {"executed_lines": [166], "summary": {"covered_lines": 1, "num_statements": 1, "percent_covered": 100.0, "percent_covered_display": "100", "missing_lines": 0, "excluded_lines": 0}, "missing_lines": [], "excluded_lines": []}, "MusicDatabase.find_file_in_queue": {"executed_lines": [], "summary": {"covered_lines": 0, "num_statements": 1, "percent_covered": 0.0, "percent_covered_display": "0", "missing_lines": 1, "excluded_lines": 0}, "missing_lines": [169], "excluded_lines": []}, "MusicDatabase.search_queue": {"executed_lines": [], "summary": {"covered_lines": 0, "num_statements": 1, "percent_covered": 0.0, "percent_covered_display": "0", "missing_lines": 1, "excluded_lines": 0}, "missing_lines": [172], "excluded_lines": []}, "MusicDatabase.remove_from_queue": {"executed_lines": [], "summary": {"covered_lines": 0, "num_statements": 1, "percent_covered": 0.0, "percent_covered_display": "0", "missing_lines": 1, "excluded_lines": 0}, "missing_lines": [175], "excluded_lines": []}, "MusicDatabase.clear_queue": {"executed_lines": [178], "summary": {"covered_lines": 1, "num_statements": 1, "percent_covered": 100.0, "percent_covered_display": "100", "missing_lines": 0, "excluded_lines": 0}, "missing_lines": [], "excluded_lines": []}, "MusicDatabase.add_favorite": {"executed_lines": [182], "summary": {"covered_lines": 1, "num_statements": 1, "percent_covered": 100.0, "percent_covered_display": "100", "missing_lines": 0, "excluded_lines": 0}, "missing_lines": [], "excluded_lines": []}, "MusicDatabase.remove_favorite": {"executed_lines": [185], "summary": {"covered_lines": 1, "num_statements": 1, "percent_covered": 100.0, "percent_covered_display": "100", "missing_lines": 0, "excluded_lines": 0}, "missing_lines": [], "excluded_lines": []}, "MusicDatabase.is_favorite": {"executed_lines": [188], "summary": {"covered_lines": 1, "num_statements": 1, "percent_covered": 100.0, "percent_covered_display": "100", "missing_lines": 0, "excluded_lines": 0}, "missing_lines": [], "excluded_lines": []}, "MusicDatabase.get_liked_songs": {"executed_lines": [191], "summary": {"covered_lines": 1, "num_statements": 1, "percent_covered": 100.0, "percent_covered_display": "100", "missing_lines": 0, "excluded_lines": 0}, "missing_lines": [], "excluded_lines": []}, "MusicDatabase.get_top_25_most_played": {"executed_lines": [], "summary": {"covered_lines": 0, "num_statements": 1, "percent_covered": 0.0, "percent_covered_display": "0", "missing_lines": 1, "excluded_lines": 0}, "missing_lines": [194], "excluded_lines": []}, "MusicDatabase.get_recently_added": {"executed_lines": [], "summary": {"covered_lines": 0, "num_statements": 1, "percent_covered": 0.0, "percent_covered_display": "0", "missing_lines": 1, "excluded_lines": 0}, "missing_lines": [197], "excluded_lines": []}, "MusicDatabase.get_recently_played": {"executed_lines": [], "summary": {"covered_lines": 0, "num_statements": 1, "percent_covered": 0.0, "percent_covered_display": "0", "missing_lines": 1, "excluded_lines": 0}, "missing_lines": [200], "excluded_lines": []}, "": {"executed_lines": [1, 2, 3, 4, 5, 6, 9, 10, 19, 50, 56, 59, 62, 65, 68, 71, 74, 77, 80, 83, 86, 89, 92, 95, 98, 101, 105, 108, 111, 124, 127, 132, 137, 140, 143, 146, 149, 152, 155, 158, 162, 165, 168, 171, 174, 177, 181, 184, 187, 190, 193, 196, 199], "summary": {"covered_lines": 51, "num_statements": 51, "percent_covered": 100.0, "percent_covered_display": "100", "missing_lines": 0, "excluded_lines": 0}, "missing_lines": [], "excluded_lines": []}}, "classes": {"MusicDatabase": {"executed_lines": [21, 22, 23, 26, 27, 30, 31, 32, 33, 36, 37, 38, 40, 41, 42, 44, 45, 46, 48, 52, 53, 57, 60, 63, 66, 72, 109, 147, 150, 163, 166, 178, 182, 185, 188, 191], "summary": {"covered_lines": 36, "num_statements": 64, "percent_covered": 56.25, "percent_covered_display": "56", "missing_lines": 28, "excluded_lines": 0}, "missing_lines": [69, 75, 78, 81, 84, 87, 90, 93, 96, 99, 102, 106, 122, 125, 130, 135, 138, 141, 144, 153, 156, 159, 169, 172, 175, 194, 197, 200], "excluded_lines": []}, "": {"executed_lines": [1, 2, 3, 4, 5, 6, 9, 10, 19, 50, 56, 59, 62, 65, 68, 71, 74, 77, 80, 83, 86, 89, 92, 95, 98, 101, 105, 108, 111, 124, 127, 132, 137, 140, 143, 146, 149, 152, 155, 158, 162, 165, 168, 171, 174, 177, 181, 184, 187, 190, 193, 196, 199], "summary": {"covered_lines": 51, "num_statements": 51, "percent_covered": 100.0, "percent_covered_display": "100", "missing_lines": 0, "excluded_lines": 0}, "missing_lines": [], "excluded_lines": []}}}, "core/db/favorites.py": {"executed_lines": [1, 2, 5, 6, 8, 9, 10, 12, 21, 23, 24, 26, 29, 32, 33, 35, 36, 38, 42, 44, 46, 54, 63, 65, 66, 68, 71, 74, 75, 76, 78, 79, 81, 85, 94, 103, 104, 109, 110, 111, 115, 121, 122, 128, 129, 137, 160, 187], "summary": {"covered_lines": 47, "num_statements": 111, "percent_covered": 42.34234234234234, "percent_covered_display": "42", "missing_lines": 64, "excluded_lines": 0}, "missing_lines": [27, 39, 40, 47, 48, 49, 50, 51, 52, 69, 82, 83, 87, 88, 89, 90, 91, 92, 112, 113, 130, 131, 132, 133, 134, 135, 143, 144, 151, 152, 153, 154, 155, 156, 157, 158, 166, 167, 168, 170, 171, 177, 178, 179, 180, 181, 182, 183, 184, 185, 193, 194, 195, 197, 198, 205, 206, 207, 208, 209, 210, 211, 212, 213], "excluded_lines": [], "functions": {"FavoritesManager.__init__": {"executed_lines": [9, 10], "summary": {"covered_lines": 2, "num_statements": 2, "percent_covered": 100.0, "percent_covered_display": "100", "missing_lines": 0, "excluded_lines": 0}, "missing_lines": [], "excluded_lines": []}, "FavoritesManager.add_favorite": {"executed_lines": [21, 23, 24, 26, 29, 32, 33, 35, 36, 38, 42, 44, 46], "summary": {"covered_lines": 13, "num_statements": 22, "percent_covered": 59.09090909090909, "percent_covered_display": "59", "missing_lines": 9, "excluded_lines": 0}, "missing_lines": [27, 39, 40, 47, 48, 49, 50, 51, 52], "excluded_lines": []}, "FavoritesManager.remove_favorite": {"executed_lines": [63, 65, 66, 68, 71, 74, 75, 76, 78, 79, 81, 85], "summary": {"covered_lines": 12, "num_statements": 21, "percent_covered": 57.142857142857146, "percent_covered_display": "57", "missing_lines": 9, "excluded_lines": 0}, "missing_lines": [69, 82, 83, 87, 88, 89, 90, 91, 92], "excluded_lines": []}, "FavoritesManager.is_favorite": {"executed_lines": [103, 104, 109, 110, 111], "summary": {"covered_lines": 5, "num_statements": 7, "percent_covered": 71.42857142857143, "percent_covered_display": "71", "missing_lines": 2, "excluded_lines": 0}, "missing_lines": [112, 113], "excluded_lines": []}, "FavoritesManager.get_liked_songs": {"executed_lines": [121, 122, 128, 129], "summary": {"covered_lines": 4, "num_statements": 10, "percent_covered": 40.0, "percent_covered_display": "40", "missing_lines": 6, "excluded_lines": 0}, "missing_lines": [130, 131, 132, 133, 134, 135], "excluded_lines": []}, "FavoritesManager.get_top_25_most_played": {"executed_lines": [], "summary": {"covered_lines": 0, "num_statements": 10, "percent_covered": 0.0, "percent_covered_display": "0", "missing_lines": 10, "excluded_lines": 0}, "missing_lines": [143, 144, 151, 152, 153, 154, 155, 156, 157, 158], "excluded_lines": []}, "FavoritesManager.get_recently_added": {"executed_lines": [], "summary": {"covered_lines": 0, "num_statements": 14, "percent_covered": 0.0, "percent_covered_display": "0", "missing_lines": 14, "excluded_lines": 0}, "missing_lines": [166, 167, 168, 170, 171, 177, 178, 179, 180, 181, 182, 183, 184, 185], "excluded_lines": []}, "FavoritesManager.get_recently_played": {"executed_lines": [], "summary": {"covered_lines": 0, "num_statements": 14, "percent_covered": 0.0, "percent_covered_display": "0", "missing_lines": 14, "excluded_lines": 0}, "missing_lines": [193, 194, 195, 197, 198, 205, 206, 207, 208, 209, 210, 211, 212, 213], "excluded_lines": []}, "": {"executed_lines": [1, 2, 5, 6, 8, 12, 54, 94, 115, 137, 160, 187], "summary": {"covered_lines": 11, "num_statements": 11, "percent_covered": 100.0, "percent_covered_display": "100", "missing_lines": 0, "excluded_lines": 0}, "missing_lines": [], "excluded_lines": []}}, "classes": {"FavoritesManager": {"executed_lines": [9, 10, 21, 23, 24, 26, 29, 32, 33, 35, 36, 38, 42, 44, 46, 63, 65, 66, 68, 71, 74, 75, 76, 78, 79, 81, 85, 103, 104, 109, 110, 111, 121, 122, 128, 129], "summary": {"covered_lines": 36, "num_statements": 100, "percent_covered": 36.0, "percent_covered_display": "36", "missing_lines": 64, "excluded_lines": 0}, "missing_lines": [27, 39, 40, 47, 48, 49, 50, 51, 52, 69, 82, 83, 87, 88, 89, 90, 91, 92, 112, 113, 130, 131, 132, 133, 134, 135, 143, 144, 151, 152, 153, 154, 155, 156, 157, 158, 166, 167, 168, 170, 171, 177, 178, 179, 180, 181, 182, 183, 184, 185, 193, 194, 195, 197, 198, 205, 206, 207, 208, 209, 210, 211, 212, 213], "excluded_lines": []}, "": {"executed_lines": [1, 2, 5, 6, 8, 12, 54, 94, 115, 137, 160, 187], "summary": {"covered_lines": 11, "num_statements": 11, "percent_covered": 100.0, "percent_covered_display": "100", "missing_lines": 0, "excluded_lines": 0}, "missing_lines": [], "excluded_lines": []}}}, "core/db/library.py": {"executed_lines": [1, 2, 3, 4, 5, 8, 9, 11, 12, 13, 15, 20, 22, 23, 27, 46, 48, 49, 51, 57, 97, 135, 174, 206, 218, 260, 302, 304, 310, 311, 313, 315, 320, 321, 323, 324, 327, 342, 384], "summary": {"covered_lines": 38, "num_statements": 166, "percent_covered": 22.89156626506024, "percent_covered_display": "23", "missing_lines": 128, "excluded_lines": 0}, "missing_lines": [17, 18, 24, 25, 54, 55, 83, 84, 93, 94, 95, 99, 133, 140, 157, 160, 163, 164, 169, 170, 172, 182, 199, 202, 204, 208, 209, 215, 216, 220, 222, 224, 225, 226, 229, 230, 231, 233, 234, 236, 238, 239, 240, 241, 242, 244, 247, 248, 250, 251, 253, 254, 256, 258, 269, 270, 273, 274, 276, 277, 280, 283, 286, 288, 290, 292, 293, 294, 295, 297, 298, 299, 300, 325, 333, 338, 339, 340, 349, 356, 357, 360, 361, 367, 368, 371, 372, 379, 380, 382, 391, 392, 393, 394, 398, 399, 400, 403, 404, 407, 408, 410, 411, 412, 414, 415, 416, 418, 419, 420, 422, 423, 424, 427, 428, 429, 432, 433, 434, 436, 438, 439, 441, 442, 444, 449, 450, 451], "excluded_lines": [], "functions": {"LibraryManager.__init__": {"executed_lines": [12, 13], "summary": {"covered_lines": 2, "num_statements": 2, "percent_covered": 100.0, "percent_covered_display": "100", "missing_lines": 0, "excluded_lines": 0}, "missing_lines": [], "excluded_lines": []}, "LibraryManager.get_existing_files": {"executed_lines": [], "summary": {"covered_lines": 0, "num_statements": 2, "percent_covered": 0.0, "percent_covered_display": "0", "missing_lines": 2, "excluded_lines": 0}, "missing_lines": [17, 18], "excluded_lines": []}, "LibraryManager.add_to_library": {"executed_lines": [22, 23, 27, 46, 48, 49, 51], "summary": {"covered_lines": 7, "num_statements": 11, "percent_covered": 63.63636363636363, "percent_covered_display": "64", "missing_lines": 4, "excluded_lines": 0}, "missing_lines": [24, 25, 54, 55], "excluded_lines": []}, "LibraryManager.update_track_metadata": {"executed_lines": [], "summary": {"covered_lines": 0, "num_statements": 5, "percent_covered": 0.0, "percent_covered_display": "0", "missing_lines": 5, "excluded_lines": 0}, "missing_lines": [83, 84, 93, 94, 95], "excluded_lines": []}, "LibraryManager.get_library_items": {"executed_lines": [], "summary": {"covered_lines": 0, "num_statements": 2, "percent_covered": 0.0, "percent_covered_display": "0", "missing_lines": 2, "excluded_lines": 0}, "missing_lines": [99, 133], "excluded_lines": []}, "LibraryManager.find_file_by_metadata": {"executed_lines": [], "summary": {"covered_lines": 0, "num_statements": 8, "percent_covered": 0.0, "percent_covered_display": "0", "missing_lines": 8, "excluded_lines": 0}, "missing_lines": [140, 157, 160, 163, 164, 169, 170, 172], "excluded_lines": []}, "LibraryManager.find_file_by_metadata_strict": {"executed_lines": [], "summary": {"covered_lines": 0, "num_statements": 4, "percent_covered": 0.0, "percent_covered_display": "0", "missing_lines": 4, "excluded_lines": 0}, "missing_lines": [182, 199, 202, 204], "excluded_lines": []}, "LibraryManager.search_library": {"executed_lines": [], "summary": {"covered_lines": 0, "num_statements": 4, "percent_covered": 0.0, "percent_covered_display": "0", "missing_lines": 4, "excluded_lines": 0}, "missing_lines": [208, 209, 215, 216], "excluded_lines": []}, "LibraryManager.get_library_statistics": {"executed_lines": [], "summary": {"covered_lines": 0, "num_statements": 25, "percent_covered": 0.0, "percent_covered_display": "0", "missing_lines": 25, "excluded_lines": 0}, "missing_lines": [220, 222, 224, 225, 226, 229, 230, 231, 233, 234, 236, 238, 239, 240, 241, 242, 244, 247, 248, 250, 251, 253, 254, 256, 258], "excluded_lines": []}, "LibraryManager.delete_from_library": {"executed_lines": [], "summary": {"covered_lines": 0, "num_statements": 19, "percent_covered": 0.0, "percent_covered_display": "0", "missing_lines": 19, "excluded_lines": 0}, "missing_lines": [269, 270, 273, 274, 276, 277, 280, 283, 286, 288, 290, 292, 293, 294, 295, 297, 298, 299, 300], "excluded_lines": []}, "LibraryManager.update_play_count": {"executed_lines": [304, 310, 311], "summary": {"covered_lines": 3, "num_statements": 3, "percent_covered": 100.0, "percent_covered_display": "100", "missing_lines": 0, "excluded_lines": 0}, "missing_lines": [], "excluded_lines": []}, "LibraryManager.get_metadata_by_filepath": {"executed_lines": [315, 320, 321, 323, 324], "summary": {"covered_lines": 5, "num_statements": 6, "percent_covered": 83.33333333333333, "percent_covered_display": "83", "missing_lines": 1, "excluded_lines": 0}, "missing_lines": [325], "excluded_lines": []}, "LibraryManager.get_track_by_filepath": {"executed_lines": [], "summary": {"covered_lines": 0, "num_statements": 4, "percent_covered": 0.0, "percent_covered_display": "0", "missing_lines": 4, "excluded_lines": 0}, "missing_lines": [333, 338, 339, 340], "excluded_lines": []}, "LibraryManager.find_song_by_title_artist": {"executed_lines": [], "summary": {"covered_lines": 0, "num_statements": 12, "percent_covered": 0.0, "percent_covered_display": "0", "missing_lines": 12, "excluded_lines": 0}, "missing_lines": [349, 356, 357, 360, 361, 367, 368, 371, 372, 379, 380, 382], "excluded_lines": []}, "LibraryManager.is_duplicate": {"executed_lines": [], "summary": {"covered_lines": 0, "num_statements": 38, "percent_covered": 0.0, "percent_covered_display": "0", "missing_lines": 38, "excluded_lines": 0}, "missing_lines": [391, 392, 393, 394, 398, 399, 400, 403, 404, 407, 408, 410, 411, 412, 414, 415, 416, 418, 419, 420, 422, 423, 424, 427, 428, 429, 432, 433, 434, 436, 438, 439, 441, 442, 444, 449, 450, 451], "excluded_lines": []}, "": {"executed_lines": [1, 2, 3, 4, 5, 8, 9, 11, 15, 20, 57, 97, 135, 174, 206, 218, 260, 302, 313, 327, 342, 384], "summary": {"covered_lines": 21, "num_statements": 21, "percent_covered": 100.0, "percent_covered_display": "100", "missing_lines": 0, "excluded_lines": 0}, "missing_lines": [], "excluded_lines": []}}, "classes": {"LibraryManager": {"executed_lines": [12, 13, 22, 23, 27, 46, 48, 49, 51, 304, 310, 311, 315, 320, 321, 323, 324], "summary": {"covered_lines": 17, "num_statements": 145, "percent_covered": 11.724137931034482, "percent_covered_display": "12", "missing_lines": 128, "excluded_lines": 0}, "missing_lines": [17, 18, 24, 25, 54, 55, 83, 84, 93, 94, 95, 99, 133, 140, 157, 160, 163, 164, 169, 170, 172, 182, 199, 202, 204, 208, 209, 215, 216, 220, 222, 224, 225, 226, 229, 230, 231, 233, 234, 236, 238, 239, 240, 241, 242, 244, 247, 248, 250, 251, 253, 254, 256, 258, 269, 270, 273, 274, 276, 277, 280, 283, 286, 288, 290, 292, 293, 294, 295, 297, 298, 299, 300, 325, 333, 338, 339, 340, 349, 356, 357, 360, 361, 367, 368, 371, 372, 379, 380, 382, 391, 392, 393, 394, 398, 399, 400, 403, 404, 407, 408, 410, 411, 412, 414, 415, 416, 418, 419, 420, 422, 423, 424, 427, 428, 429, 432, 433, 434, 436, 438, 439, 441, 442, 444, 449, 450, 451], "excluded_lines": []}, "": {"executed_lines": [1, 2, 3, 4, 5, 8, 9, 11, 15, 20, 57, 97, 135, 174, 206, 218, 260, 302, 313, 327, 342, 384], "summary": {"covered_lines": 21, "num_statements": 21, "percent_covered": 100.0, "percent_covered_display": "100", "missing_lines": 0, "excluded_lines": 0}, "missing_lines": [], "excluded_lines": []}}}, "core/db/preferences.py": {"executed_lines": [1, 2, 5, 6, 8, 9, 10, 12, 14, 15, 16, 18, 20, 21, 23, 25, 26, 27, 29, 31, 32, 34, 40, 42, 43, 44, 46, 52, 57, 68, 72, 76, 80, 85, 89, 102], "summary": {"covered_lines": 35, "num_statements": 68, "percent_covered": 51.470588235294116, "percent_covered_display": "51", "missing_lines": 33, "excluded_lines": 0}, "missing_lines": [36, 37, 38, 48, 49, 50, 54, 55, 59, 60, 61, 62, 63, 64, 65, 66, 70, 74, 78, 82, 83, 87, 91, 92, 93, 94, 95, 96, 97, 98, 99, 100, 104], "excluded_lines": [], "functions": {"PreferencesManager.__init__": {"executed_lines": [9, 10], "summary": {"covered_lines": 2, "num_statements": 2, "percent_covered": 100.0, "percent_covered_display": "100", "missing_lines": 0, "excluded_lines": 0}, "missing_lines": [], "excluded_lines": []}, "PreferencesManager.get_loop_enabled": {"executed_lines": [14, 15, 16], "summary": {"covered_lines": 3, "num_statements": 3, "percent_covered": 100.0, "percent_covered_display": "100", "missing_lines": 0, "excluded_lines": 0}, "missing_lines": [], "excluded_lines": []}, "PreferencesManager.set_loop_enabled": {"executed_lines": [20, 21], "summary": {"covered_lines": 2, "num_statements": 2, "percent_covered": 100.0, "percent_covered_display": "100", "missing_lines": 0, "excluded_lines": 0}, "missing_lines": [], "excluded_lines": []}, "PreferencesManager.get_shuffle_enabled": {"executed_lines": [25, 26, 27], "summary": {"covered_lines": 3, "num_statements": 3, "percent_covered": 100.0, "percent_covered_display": "100", "missing_lines": 0, "excluded_lines": 0}, "missing_lines": [], "excluded_lines": []}, "PreferencesManager.set_shuffle_enabled": {"executed_lines": [31, 32], "summary": {"covered_lines": 2, "num_statements": 2, "percent_covered": 100.0, "percent_covered_display": "100", "missing_lines": 0, "excluded_lines": 0}, "missing_lines": [], "excluded_lines": []}, "PreferencesManager.get_volume": {"executed_lines": [], "summary": {"covered_lines": 0, "num_statements": 3, "percent_covered": 0.0, "percent_covered_display": "0", "missing_lines": 3, "excluded_lines": 0}, "missing_lines": [36, 37, 38], "excluded_lines": []}, "PreferencesManager.set_volume": {"executed_lines": [42, 43, 44], "summary": {"covered_lines": 3, "num_statements": 3, "percent_covered": 100.0, "percent_covered_display": "100", "missing_lines": 0, "excluded_lines": 0}, "missing_lines": [], "excluded_lines": []}, "PreferencesManager.get_ui_preference": {"executed_lines": [], "summary": {"covered_lines": 0, "num_statements": 3, "percent_covered": 0.0, "percent_covered_display": "0", "missing_lines": 3, "excluded_lines": 0}, "missing_lines": [48, 49, 50], "excluded_lines": []}, "PreferencesManager.set_ui_preference": {"executed_lines": [], "summary": {"covered_lines": 0, "num_statements": 2, "percent_covered": 0.0, "percent_covered_display": "0", "missing_lines": 2, "excluded_lines": 0}, "missing_lines": [54, 55], "excluded_lines": []}, "PreferencesManager.get_window_size": {"executed_lines": [], "summary": {"covered_lines": 0, "num_statements": 8, "percent_covered": 0.0, "percent_covered_display": "0", "missing_lines": 8, "excluded_lines": 0}, "missing_lines": [59, 60, 61, 62, 63, 64, 65, 66], "excluded_lines": []}, "PreferencesManager.set_window_size": {"executed_lines": [], "summary": {"covered_lines": 0, "num_statements": 1, "percent_covered": 0.0, "percent_covered_display": "0", "missing_lines": 1, "excluded_lines": 0}, "missing_lines": [70], "excluded_lines": []}, "PreferencesManager.get_window_position": {"executed_lines": [], "summary": {"covered_lines": 0, "num_statements": 1, "percent_covered": 0.0, "percent_covered_display": "0", "missing_lines": 1, "excluded_lines": 0}, "missing_lines": [74], "excluded_lines": []}, "PreferencesManager.set_window_position": {"executed_lines": [], "summary": {"covered_lines": 0, "num_statements": 1, "percent_covered": 0.0, "percent_covered_display": "0", "missing_lines": 1, "excluded_lines": 0}, "missing_lines": [78], "excluded_lines": []}, "PreferencesManager.get_left_panel_width": {"executed_lines": [], "summary": {"covered_lines": 0, "num_statements": 2, "percent_covered": 0.0, "percent_covered_display": "0", "missing_lines": 2, "excluded_lines": 0}, "missing_lines": [82, 83], "excluded_lines": []}, "PreferencesManager.set_left_panel_width": {"executed_lines": [], "summary": {"covered_lines": 0, "num_statements": 1, "percent_covered": 0.0, "percent_covered_display": "0", "missing_lines": 1, "excluded_lines": 0}, "missing_lines": [87], "excluded_lines": []}, "PreferencesManager.get_queue_column_widths": {"executed_lines": [], "summary": {"covered_lines": 0, "num_statements": 10, "percent_covered": 0.0, "percent_covered_display": "0", "missing_lines": 10, "excluded_lines": 0}, "missing_lines": [91, 92, 93, 94, 95, 96, 97, 98, 99, 100], "excluded_lines": []}, "PreferencesManager.set_queue_column_width": {"executed_lines": [], "summary": {"covered_lines": 0, "num_statements": 1, "percent_covered": 0.0, "percent_covered_display": "0", "missing_lines": 1, "excluded_lines": 0}, "missing_lines": [104], "excluded_lines": []}, "": {"executed_lines": [1, 2, 5, 6, 8, 12, 18, 23, 29, 34, 40, 46, 52, 57, 68, 72, 76, 80, 85, 89, 102], "summary": {"covered_lines": 20, "num_statements": 20, "percent_covered": 100.0, "percent_covered_display": "100", "missing_lines": 0, "excluded_lines": 0}, "missing_lines": [], "excluded_lines": []}}, "classes": {"PreferencesManager": {"executed_lines": [9, 10, 14, 15, 16, 20, 21, 25, 26, 27, 31, 32, 42, 43, 44], "summary": {"covered_lines": 15, "num_statements": 48, "percent_covered": 31.25, "percent_covered_display": "31", "missing_lines": 33, "excluded_lines": 0}, "missing_lines": [36, 37, 38, 48, 49, 50, 54, 55, 59, 60, 61, 62, 63, 64, 65, 66, 70, 74, 78, 82, 83, 87, 91, 92, 93, 94, 95, 96, 97, 98, 99, 100, 104], "excluded_lines": []}, "": {"executed_lines": [1, 2, 5, 6, 8, 12, 18, 23, 29, 34, 40, 46, 52, 57, 68, 72, 76, 80, 85, 89, 102], "summary": {"covered_lines": 20, "num_statements": 20, "percent_covered": 100.0, "percent_covered_display": "100", "missing_lines": 0, "excluded_lines": 0}, "missing_lines": [], "excluded_lines": []}}}, "core/db/queue.py": {"executed_lines": [1, 4, 5, 7, 8, 9, 11, 13, 14, 16, 18, 24, 26, 41, 54, 81, 83, 84], "summary": {"covered_lines": 17, "num_statements": 27, "percent_covered": 62.96296296296296, "percent_covered_display": "63", "missing_lines": 10, "excluded_lines": 0}, "missing_lines": [28, 37, 38, 39, 43, 44, 51, 52, 56, 79], "excluded_lines": [], "functions": {"QueueManager.__init__": {"executed_lines": [8, 9], "summary": {"covered_lines": 2, "num_statements": 2, "percent_covered": 100.0, "percent_covered_display": "100", "missing_lines": 0, "excluded_lines": 0}, "missing_lines": [], "excluded_lines": []}, "QueueManager.add_to_queue": {"executed_lines": [13, 14], "summary": {"covered_lines": 2, "num_statements": 2, "percent_covered": 100.0, "percent_covered_display": "100", "missing_lines": 0, "excluded_lines": 0}, "missing_lines": [], "excluded_lines": []}, "QueueManager.get_queue_items": {"executed_lines": [18, 24], "summary": {"covered_lines": 2, "num_statements": 2, "percent_covered": 100.0, "percent_covered_display": "100", "missing_lines": 0, "excluded_lines": 0}, "missing_lines": [], "excluded_lines": []}, "QueueManager.find_file_in_queue": {"executed_lines": [], "summary": {"covered_lines": 0, "num_statements": 4, "percent_covered": 0.0, "percent_covered_display": "0", "missing_lines": 4, "excluded_lines": 0}, "missing_lines": [28, 37, 38, 39], "excluded_lines": []}, "QueueManager.search_queue": {"executed_lines": [], "summary": {"covered_lines": 0, "num_statements": 4, "percent_covered": 0.0, "percent_covered_display": "0", "missing_lines": 4, "excluded_lines": 0}, "missing_lines": [43, 44, 51, 52], "excluded_lines": []}, "QueueManager.remove_from_queue": {"executed_lines": [], "summary": {"covered_lines": 0, "num_statements": 2, "percent_covered": 0.0, "percent_covered_display": "0", "missing_lines": 2, "excluded_lines": 0}, "missing_lines": [56, 79], "excluded_lines": []}, "QueueManager.clear_queue": {"executed_lines": [83, 84], "summary": {"covered_lines": 2, "num_statements": 2, "percent_covered": 100.0, "percent_covered_display": "100", "missing_lines": 0, "excluded_lines": 0}, "missing_lines": [], "excluded_lines": []}, "": {"executed_lines": [1, 4, 5, 7, 11, 16, 26, 41, 54, 81], "summary": {"covered_lines": 9, "num_statements": 9, "percent_covered": 100.0, "percent_covered_display": "100", "missing_lines": 0, "excluded_lines": 0}, "missing_lines": [], "excluded_lines": []}}, "classes": {"QueueManager": {"executed_lines": [8, 9, 13, 14, 18, 24, 83, 84], "summary": {"covered_lines": 8, "num_statements": 18, "percent_covered": 44.44444444444444, "percent_covered_display": "44", "missing_lines": 10, "excluded_lines": 0}, "missing_lines": [28, 37, 38, 39, 43, 44, 51, 52, 56, 79], "excluded_lines": []}, "": {"executed_lines": [1, 4, 5, 7, 11, 16, 26, 41, 54, 81], "summary": {"covered_lines": 9, "num_statements": 9, "percent_covered": 100.0, "percent_covered_display": "100", "missing_lines": 0, "excluded_lines": 0}, "missing_lines": [], "excluded_lines": []}}}, "core/favorites.py": {"executed_lines": [1, 3, 4, 5, 8, 9, 11, 20, 28, 81, 92, 100], "summary": {"covered_lines": 10, "num_statements": 37, "percent_covered": 27.027027027027028, "percent_covered_display": "27", "missing_lines": 27, "excluded_lines": 0}, "missing_lines": [17, 18, 26, 37, 38, 39, 42, 43, 44, 45, 47, 49, 50, 52, 53, 54, 63, 64, 67, 68, 69, 78, 79, 90, 98, 102, 103], "excluded_lines": [], "functions": {"FavoritesManager.__init__": {"executed_lines": [], "summary": {"covered_lines": 0, "num_statements": 2, "percent_covered": 0.0, "percent_covered_display": "0", "missing_lines": 2, "excluded_lines": 0}, "missing_lines": [17, 18], "excluded_lines": []}, "FavoritesManager.set_on_favorites_changed_callback": {"executed_lines": [], "summary": {"covered_lines": 0, "num_statements": 1, "percent_covered": 0.0, "percent_covered_display": "0", "missing_lines": 1, "excluded_lines": 0}, "missing_lines": [26], "excluded_lines": []}, "FavoritesManager.toggle_favorite": {"executed_lines": [], "summary": {"covered_lines": 0, "num_statements": 20, "percent_covered": 0.0, "percent_covered_display": "0", "missing_lines": 20, "excluded_lines": 0}, "missing_lines": [37, 38, 39, 42, 43, 44, 45, 47, 49, 50, 52, 53, 54, 63, 64, 67, 68, 69, 78, 79], "excluded_lines": []}, "FavoritesManager.is_favorite": {"executed_lines": [], "summary": {"covered_lines": 0, "num_statements": 1, "percent_covered": 0.0, "percent_covered_display": "0", "missing_lines": 1, "excluded_lines": 0}, "missing_lines": [90], "excluded_lines": []}, "FavoritesManager.get_liked_songs": {"executed_lines": [], "summary": {"covered_lines": 0, "num_statements": 1, "percent_covered": 0.0, "percent_covered_display": "0", "missing_lines": 1, "excluded_lines": 0}, "missing_lines": [98], "excluded_lines": []}, "FavoritesManager._notify_favorites_changed": {"executed_lines": [], "summary": {"covered_lines": 0, "num_statements": 2, "percent_covered": 0.0, "percent_covered_display": "0", "missing_lines": 2, "excluded_lines": 0}, "missing_lines": [102, 103], "excluded_lines": []}, "": {"executed_lines": [1, 3, 4, 5, 8, 9, 11, 20, 28, 81, 92, 100], "summary": {"covered_lines": 10, "num_statements": 10, "percent_covered": 100.0, "percent_covered_display": "100", "missing_lines": 0, "excluded_lines": 0}, "missing_lines": [], "excluded_lines": []}}, "classes": {"FavoritesManager": {"executed_lines": [], "summary": {"covered_lines": 0, "num_statements": 27, "percent_covered": 0.0, "percent_covered_display": "0", "missing_lines": 27, "excluded_lines": 0}, "missing_lines": [17, 18, 26, 37, 38, 39, 42, 43, 44, 45, 47, 49, 50, 52, 53, 54, 63, 64, 67, 68, 69, 78, 79, 90, 98, 102, 103], "excluded_lines": []}, "": {"executed_lines": [1, 3, 4, 5, 8, 9, 11, 20, 28, 81, 92, 100], "summary": {"covered_lines": 10, "num_statements": 10, "percent_covered": 100.0, "percent_covered_display": "100", "missing_lines": 0, "excluded_lines": 0}, "missing_lines": [], "excluded_lines": []}}}, "core/library.py": {"executed_lines": [1, 2, 3, 4, 5, 6, 7, 8, 9, 12, 13, 16, 20, 24, 109, 113, 142, 146, 150, 154, 162, 170, 181, 220, 254], "summary": {"covered_lines": 25, "num_statements": 157, "percent_covered": 15.92356687898089, "percent_covered_display": "16", "missing_lines": 132, "excluded_lines": 0}, "missing_lines": [14, 18, 22, 26, 27, 29, 30, 32, 33, 34, 36, 37, 39, 40, 41, 43, 44, 45, 46, 47, 48, 50, 51, 52, 54, 55, 56, 57, 58, 60, 63, 64, 65, 66, 67, 68, 69, 70, 72, 73, 74, 75, 76, 77, 78, 79, 81, 82, 83, 84, 85, 86, 87, 89, 90, 91, 92, 94, 95, 96, 97, 99, 104, 105, 106, 107, 111, 122, 123, 124, 125, 130, 131, 132, 140, 144, 148, 152, 160, 168, 179, 190, 191, 193, 194, 195, 198, 199, 200, 201, 202, 203, 206, 207, 208, 218, 222, 223, 224, 226, 227, 228, 229, 230, 233, 234, 235, 238, 240, 241, 243, 244, 245, 247, 248, 249, 250, 252, 256, 268, 269, 270, 271, 274, 275, 276, 278, 279, 290, 292, 309, 321], "excluded_lines": [], "functions": {"LibraryManager.__init__": {"executed_lines": [], "summary": {"covered_lines": 0, "num_statements": 1, "percent_covered": 0.0, "percent_covered_display": "0", "missing_lines": 1, "excluded_lines": 0}, "missing_lines": [14], "excluded_lines": []}, "LibraryManager.get_library_items": {"executed_lines": [], "summary": {"covered_lines": 0, "num_statements": 1, "percent_covered": 0.0, "percent_covered_display": "0", "missing_lines": 1, "excluded_lines": 0}, "missing_lines": [18], "excluded_lines": []}, "LibraryManager.get_existing_files": {"executed_lines": [], "summary": {"covered_lines": 0, "num_statements": 1, "percent_covered": 0.0, "percent_covered_display": "0", "missing_lines": 1, "excluded_lines": 0}, "missing_lines": [22], "excluded_lines": []}, "LibraryManager.add_files_to_library": {"executed_lines": [], "summary": {"covered_lines": 0, "num_statements": 63, "percent_covered": 0.0, "percent_covered_display": "0", "missing_lines": 63, "excluded_lines": 0}, "missing_lines": [26, 27, 29, 30, 32, 33, 34, 36, 37, 39, 40, 41, 43, 44, 45, 46, 47, 48, 50, 51, 52, 54, 55, 56, 57, 58, 60, 63, 64, 65, 66, 67, 68, 69, 70, 72, 73, 74, 75, 76, 77, 78, 79, 81, 82, 83, 84, 85, 86, 87, 89, 90, 91, 92, 94, 95, 96, 97, 99, 104, 105, 106, 107], "excluded_lines": []}, "LibraryManager.find_file_by_metadata": {"executed_lines": [], "summary": {"covered_lines": 0, "num_statements": 1, "percent_covered": 0.0, "percent_covered_display": "0", "missing_lines": 1, "excluded_lines": 0}, "missing_lines": [111], "excluded_lines": []}, "LibraryManager.get_track_by_filepath": {"executed_lines": [], "summary": {"covered_lines": 0, "num_statements": 8, "percent_covered": 0.0, "percent_covered_display": "0", "missing_lines": 8, "excluded_lines": 0}, "missing_lines": [122, 123, 124, 125, 130, 131, 132, 140], "excluded_lines": []}, "LibraryManager.search_library": {"executed_lines": [], "summary": {"covered_lines": 0, "num_statements": 1, "percent_covered": 0.0, "percent_covered_display": "0", "missing_lines": 1, "excluded_lines": 0}, "missing_lines": [144], "excluded_lines": []}, "LibraryManager.get_library_statistics": {"executed_lines": [], "summary": {"covered_lines": 0, "num_statements": 1, "percent_covered": 0.0, "percent_covered_display": "0", "missing_lines": 1, "excluded_lines": 0}, "missing_lines": [148], "excluded_lines": []}, "LibraryManager.get_top_25_most_played": {"executed_lines": [], "summary": {"covered_lines": 0, "num_statements": 1, "percent_covered": 0.0, "percent_covered_display": "0", "missing_lines": 1, "excluded_lines": 0}, "missing_lines": [152], "excluded_lines": []}, "LibraryManager.get_recently_added": {"executed_lines": [], "summary": {"covered_lines": 0, "num_statements": 1, "percent_covered": 0.0, "percent_covered_display": "0", "missing_lines": 1, "excluded_lines": 0}, "missing_lines": [160], "excluded_lines": []}, "LibraryManager.get_recently_played": {"executed_lines": [], "summary": {"covered_lines": 0, "num_statements": 1, "percent_covered": 0.0, "percent_covered_display": "0", "missing_lines": 1, "excluded_lines": 0}, "missing_lines": [168], "excluded_lines": []}, "LibraryManager.delete_from_library": {"executed_lines": [], "summary": {"covered_lines": 0, "num_statements": 1, "percent_covered": 0.0, "percent_covered_display": "0", "missing_lines": 1, "excluded_lines": 0}, "missing_lines": [179], "excluded_lines": []}, "LibraryManager.update_track_metadata": {"executed_lines": [], "summary": {"covered_lines": 0, "num_statements": 15, "percent_covered": 0.0, "percent_covered_display": "0", "missing_lines": 15, "excluded_lines": 0}, "missing_lines": [190, 191, 193, 194, 195, 198, 199, 200, 201, 202, 203, 206, 207, 208, 218], "excluded_lines": []}, "LibraryManager._process_audio_file": {"executed_lines": [], "summary": {"covered_lines": 0, "num_statements": 22, "percent_covered": 0.0, "percent_covered_display": "0", "missing_lines": 22, "excluded_lines": 0}, "missing_lines": [222, 223, 224, 226, 227, 228, 229, 230, 233, 234, 235, 238, 240, 241, 243, 244, 245, 247, 248, 249, 250, 252], "excluded_lines": []}, "LibraryManager._extract_metadata": {"executed_lines": [], "summary": {"covered_lines": 0, "num_statements": 14, "percent_covered": 0.0, "percent_covered_display": "0", "missing_lines": 14, "excluded_lines": 0}, "missing_lines": [256, 268, 269, 270, 271, 274, 275, 276, 278, 279, 290, 292, 309, 321], "excluded_lines": []}, "": {"executed_lines": [1, 2, 3, 4, 5, 6, 7, 8, 9, 12, 13, 16, 20, 24, 109, 113, 142, 146, 150, 154, 162, 170, 181, 220, 254], "summary": {"covered_lines": 25, "num_statements": 25, "percent_covered": 100.0, "percent_covered_display": "100", "missing_lines": 0, "excluded_lines": 0}, "missing_lines": [], "excluded_lines": []}}, "classes": {"LibraryManager": {"executed_lines": [], "summary": {"covered_lines": 0, "num_statements": 132, "percent_covered": 0.0, "percent_covered_display": "0", "missing_lines": 132, "excluded_lines": 0}, "missing_lines": [14, 18, 22, 26, 27, 29, 30, 32, 33, 34, 36, 37, 39, 40, 41, 43, 44, 45, 46, 47, 48, 50, 51, 52, 54, 55, 56, 57, 58, 60, 63, 64, 65, 66, 67, 68, 69, 70, 72, 73, 74, 75, 76, 77, 78, 79, 81, 82, 83, 84, 85, 86, 87, 89, 90, 91, 92, 94, 95, 96, 97, 99, 104, 105, 106, 107, 111, 122, 123, 124, 125, 130, 131, 132, 140, 144, 148, 152, 160, 168, 179, 190, 191, 193, 194, 195, 198, 199, 200, 201, 202, 203, 206, 207, 208, 218, 222, 223, 224, 226, 227, 228, 229, 230, 233, 234, 235, 238, 240, 241, 243, 244, 245, 247, 248, 249, 250, 252, 256, 268, 269, 270, 271, 274, 275, 276, 278, 279, 290, 292, 309, 321], "excluded_lines": []}, "": {"executed_lines": [1, 2, 3, 4, 5, 6, 7, 8, 9, 12, 13, 16, 20, 24, 109, 113, 142, 146, 150, 154, 162, 170, 181, 220, 254], "summary": {"covered_lines": 25, "num_statements": 25, "percent_covered": 100.0, "percent_covered_display": "100", "missing_lines": 0, "excluded_lines": 0}, "missing_lines": [], "excluded_lines": []}}}, "core/logging.py": {"executed_lines": [1, 9, 10, 11, 12, 13, 14, 15, 16, 19, 134, 148, 150, 154, 155, 156, 157, 158, 159, 160, 163, 202, 211, 213, 216, 229, 243, 256, 271, 286], "summary": {"covered_lines": 29, "num_statements": 114, "percent_covered": 25.43859649122807, "percent_covered_display": "25", "missing_lines": 85, "excluded_lines": 0}, "missing_lines": [28, 31, 32, 34, 37, 38, 39, 40, 43, 44, 45, 46, 49, 56, 57, 60, 62, 63, 64, 67, 68, 70, 71, 72, 73, 74, 75, 77, 79, 81, 82, 83, 85, 87, 88, 89, 90, 91, 93, 95, 96, 98, 101, 104, 105, 106, 109, 112, 114, 115, 116, 119, 120, 123, 124, 127, 129, 175, 176, 177, 178, 179, 180, 182, 187, 188, 189, 190, 192, 195, 197, 199, 224, 226, 238, 240, 251, 253, 265, 266, 268, 281, 283, 295, 297], "excluded_lines": [], "functions": {"setup_logging": {"executed_lines": [], "summary": {"covered_lines": 0, "num_statements": 14, "percent_covered": 0.0, "percent_covered_display": "0", "missing_lines": 14, "excluded_lines": 0}, "missing_lines": [28, 31, 34, 109, 112, 114, 115, 116, 119, 120, 123, 124, 127, 129], "excluded_lines": []}, "setup_logging.HumanReadableDestination.__init__": {"executed_lines": [], "summary": {"covered_lines": 0, "num_statements": 1, "percent_covered": 0.0, "percent_covered_display": "0", "missing_lines": 1, "excluded_lines": 0}, "missing_lines": [32], "excluded_lines": []}, "setup_logging.HumanReadableDestination.__call__": {"executed_lines": [], "summary": {"covered_lines": 0, "num_statements": 42, "percent_covered": 0.0, "percent_covered_display": "0", "missing_lines": 42, "excluded_lines": 0}, "missing_lines": [37, 38, 39, 40, 43, 44, 45, 46, 49, 56, 57, 60, 62, 63, 64, 67, 68, 70, 71, 72, 73, 74, 75, 77, 79, 81, 82, 83, 85, 87, 88, 89, 90, 91, 93, 95, 96, 98, 101, 104, 105, 106], "excluded_lines": []}, "get_logger": {"executed_lines": [148, 150], "summary": {"covered_lines": 2, "num_statements": 2, "percent_covered": 100.0, "percent_covered_display": "100", "missing_lines": 0, "excluded_lines": 0}, "missing_lines": [], "excluded_lines": []}, "log_function_call": {"executed_lines": [], "summary": {"covered_lines": 0, "num_statements": 2, "percent_covered": 0.0, "percent_covered_display": "0", "missing_lines": 2, "excluded_lines": 0}, "missing_lines": [175, 199], "excluded_lines": []}, "log_function_call.decorator": {"executed_lines": [], "summary": {"covered_lines": 0, "num_statements": 2, "percent_covered": 0.0, "percent_covered_display": "0", "missing_lines": 2, "excluded_lines": 0}, "missing_lines": [176, 197], "excluded_lines": []}, "log_function_call.decorator.wrapper": {"executed_lines": [], "summary": {"covered_lines": 0, "num_statements": 11, "percent_covered": 0.0, "percent_covered_display": "0", "missing_lines": 11, "excluded_lines": 0}, "missing_lines": [177, 178, 179, 180, 182, 187, 188, 189, 190, 192, 195], "excluded_lines": []}, "log_database_operation": {"executed_lines": [211, 213], "summary": {"covered_lines": 2, "num_statements": 2, "percent_covered": 100.0, "percent_covered_display": "100", "missing_lines": 0, "excluded_lines": 0}, "missing_lines": [], "excluded_lines": []}, "log_player_action": {"executed_lines": [], "summary": {"covered_lines": 0, "num_statements": 2, "percent_covered": 0.0, "percent_covered_display": "0", "missing_lines": 2, "excluded_lines": 0}, "missing_lines": [224, 226], "excluded_lines": []}, "log_file_operation": {"executed_lines": [], "summary": {"covered_lines": 0, "num_statements": 2, "percent_covered": 0.0, "percent_covered_display": "0", "missing_lines": 2, "excluded_lines": 0}, "missing_lines": [238, 240], "excluded_lines": []}, "log_queue_operation": {"executed_lines": [], "summary": {"covered_lines": 0, "num_statements": 2, "percent_covered": 0.0, "percent_covered_display": "0", "missing_lines": 2, "excluded_lines": 0}, "missing_lines": [251, 253], "excluded_lines": []}, "log_error": {"executed_lines": [], "summary": {"covered_lines": 0, "num_statements": 3, "percent_covered": 0.0, "percent_covered_display": "0", "missing_lines": 3, "excluded_lines": 0}, "missing_lines": [265, 266, 268], "excluded_lines": []}, "log_performance": {"executed_lines": [], "summary": {"covered_lines": 0, "num_statements": 2, "percent_covered": 0.0, "percent_covered_display": "0", "missing_lines": 2, "excluded_lines": 0}, "missing_lines": [281, 283], "excluded_lines": []}, "log_api_request": {"executed_lines": [], "summary": {"covered_lines": 0, "num_statements": 2, "percent_covered": 0.0, "percent_covered_display": "0", "missing_lines": 2, "excluded_lines": 0}, "missing_lines": [295, 297], "excluded_lines": []}, "": {"executed_lines": [1, 9, 10, 11, 12, 13, 14, 15, 16, 19, 134, 154, 155, 156, 157, 158, 159, 160, 163, 202, 216, 229, 243, 256, 271, 286], "summary": {"covered_lines": 25, "num_statements": 25, "percent_covered": 100.0, "percent_covered_display": "100", "missing_lines": 0, "excluded_lines": 0}, "missing_lines": [], "excluded_lines": []}}, "classes": {"setup_logging.HumanReadableDestination": {"executed_lines": [], "summary": {"covered_lines": 0, "num_statements": 43, "percent_covered": 0.0, "percent_covered_display": "0", "missing_lines": 43, "excluded_lines": 0}, "missing_lines": [32, 37, 38, 39, 40, 43, 44, 45, 46, 49, 56, 57, 60, 62, 63, 64, 67, 68, 70, 71, 72, 73, 74, 75, 77, 79, 81, 82, 83, 85, 87, 88, 89, 90, 91, 93, 95, 96, 98, 101, 104, 105, 106], "excluded_lines": []}, "": {"executed_lines": [1, 9, 10, 11, 12, 13, 14, 15, 16, 19, 134, 148, 150, 154, 155, 156, 157, 158, 159, 160, 163, 202, 211, 213, 216, 229, 243, 256, 271, 286], "summary": {"covered_lines": 29, "num_statements": 71, "percent_covered": 40.84507042253521, "percent_covered_display": "41", "missing_lines": 42, "excluded_lines": 0}, "missing_lines": [28, 31, 34, 109, 112, 114, 115, 116, 119, 120, 123, 124, 127, 129, 175, 176, 177, 178, 179, 180, 182, 187, 188, 189, 190, 192, 195, 197, 199, 224, 226, 238, 240, 251, 253, 265, 266, 268, 281, 283, 295, 297], "excluded_lines": []}}}, "core/lyrics.py": {"executed_lines": [1, 3, 4, 5, 6, 7, 10, 11, 19, 29, 57, 87, 105, 127, 148, 154], "summary": {"covered_lines": 14, "num_statements": 58, "percent_covered": 24.137931034482758, "percent_covered_display": "24", "missing_lines": 44, "excluded_lines": 0}, "missing_lines": [25, 26, 27, 43, 44, 45, 46, 47, 50, 51, 52, 55, 67, 68, 69, 75, 76, 77, 85, 98, 101, 103, 113, 114, 115, 125, 136, 137, 138, 141, 143, 145, 146, 150, 151, 152, 160, 161, 162, 163, 165, 166, 168, 173], "excluded_lines": [], "functions": {"LyricsManager.__init__": {"executed_lines": [], "summary": {"covered_lines": 0, "num_statements": 3, "percent_covered": 0.0, "percent_covered_display": "0", "missing_lines": 3, "excluded_lines": 0}, "missing_lines": [25, 26, 27], "excluded_lines": []}, "LyricsManager.get_lyrics": {"executed_lines": [], "summary": {"covered_lines": 0, "num_statements": 9, "percent_covered": 0.0, "percent_covered_display": "0", "missing_lines": 9, "excluded_lines": 0}, "missing_lines": [43, 44, 45, 46, 47, 50, 51, 52, 55], "excluded_lines": []}, "LyricsManager.get_cached_lyrics": {"executed_lines": [], "summary": {"covered_lines": 0, "num_statements": 7, "percent_covered": 0.0, "percent_covered_display": "0", "missing_lines": 7, "excluded_lines": 0}, "missing_lines": [67, 68, 69, 75, 76, 77, 85], "excluded_lines": []}, "LyricsManager.fetch_and_cache": {"executed_lines": [], "summary": {"covered_lines": 0, "num_statements": 3, "percent_covered": 0.0, "percent_covered_display": "0", "missing_lines": 3, "excluded_lines": 0}, "missing_lines": [98, 101, 103], "excluded_lines": []}, "LyricsManager.cache_lyrics": {"executed_lines": [], "summary": {"covered_lines": 0, "num_statements": 4, "percent_covered": 0.0, "percent_covered_display": "0", "missing_lines": 4, "excluded_lines": 0}, "missing_lines": [113, 114, 115, 125], "excluded_lines": []}, "LyricsManager._fetch_async": {"executed_lines": [], "summary": {"covered_lines": 0, "num_statements": 5, "percent_covered": 0.0, "percent_covered_display": "0", "missing_lines": 5, "excluded_lines": 0}, "missing_lines": [136, 141, 143, 145, 146], "excluded_lines": []}, "LyricsManager._fetch_async.fetch_worker": {"executed_lines": [], "summary": {"covered_lines": 0, "num_statements": 2, "percent_covered": 0.0, "percent_covered_display": "0", "missing_lines": 2, "excluded_lines": 0}, "missing_lines": [137, 138], "excluded_lines": []}, "LyricsManager.clear_cache": {"executed_lines": [], "summary": {"covered_lines": 0, "num_statements": 3, "percent_covered": 0.0, "percent_covered_display": "0", "missing_lines": 3, "excluded_lines": 0}, "missing_lines": [150, 151, 152], "excluded_lines": []}, "LyricsManager.get_cache_stats": {"executed_lines": [], "summary": {"covered_lines": 0, "num_statements": 8, "percent_covered": 0.0, "percent_covered_display": "0", "missing_lines": 8, "excluded_lines": 0}, "missing_lines": [160, 161, 162, 163, 165, 166, 168, 173], "excluded_lines": []}, "": {"executed_lines": [1, 3, 4, 5, 6, 7, 10, 11, 19, 29, 57, 87, 105, 127, 148, 154], "summary": {"covered_lines": 14, "num_statements": 14, "percent_covered": 100.0, "percent_covered_display": "100", "missing_lines": 0, "excluded_lines": 0}, "missing_lines": [], "excluded_lines": []}}, "classes": {"LyricsManager": {"executed_lines": [], "summary": {"covered_lines": 0, "num_statements": 44, "percent_covered": 0.0, "percent_covered_display": "0", "missing_lines": 44, "excluded_lines": 0}, "missing_lines": [25, 26, 27, 43, 44, 45, 46, 47, 50, 51, 52, 55, 67, 68, 69, 75, 76, 77, 85, 98, 101, 103, 113, 114, 115, 125, 136, 137, 138, 141, 143, 145, 146, 150, 151, 152, 160, 161, 162, 163, 165, 166, 168, 173], "excluded_lines": []}, "": {"executed_lines": [1, 3, 4, 5, 6, 7, 10, 11, 19, 29, 57, 87, 105, 127, 148, 154], "summary": {"covered_lines": 14, "num_statements": 14, "percent_covered": 100.0, "percent_covered_display": "100", "missing_lines": 0, "excluded_lines": 0}, "missing_lines": [], "excluded_lines": []}}}, "core/queue.py": {"executed_lines": [1, 2, 3, 4, 5, 6, 9, 10, 12, 22, 71, 94, 115, 123, 162, 191, 217, 251, 261, 274, 291, 301, 309, 318, 342, 364, 393, 401, 422, 440, 458, 497], "summary": {"covered_lines": 31, "num_statements": 270, "percent_covered": 11.481481481481481, "percent_covered_display": "11", "missing_lines": 239, "excluded_lines": 0}, "missing_lines": [13, 14, 15, 16, 17, 18, 19, 20, 32, 33, 35, 36, 37, 39, 40, 43, 44, 46, 49, 51, 52, 53, 54, 57, 58, 61, 62, 63, 66, 67, 69, 77, 78, 80, 81, 83, 84, 85, 87, 88, 89, 92, 100, 101, 103, 104, 106, 107, 108, 110, 113, 121, 130, 131, 133, 134, 136, 137, 139, 140, 141, 144, 146, 149, 151, 152, 154, 155, 157, 160, 168, 169, 171, 172, 174, 175, 177, 178, 179, 182, 183, 186, 189, 197, 198, 200, 201, 203, 204, 205, 208, 209, 212, 215, 223, 224, 226, 227, 229, 230, 231, 232, 234, 237, 238, 239, 241, 243, 244, 246, 249, 254, 255, 256, 257, 258, 259, 263, 264, 266, 267, 268, 270, 271, 272, 280, 281, 282, 283, 285, 288, 289, 297, 298, 299, 307, 311, 312, 313, 314, 315, 316, 327, 328, 330, 331, 333, 334, 335, 336, 337, 338, 340, 348, 349, 350, 351, 353, 354, 355, 356, 357, 358, 359, 361, 362, 373, 376, 378, 379, 380, 381, 384, 385, 388, 389, 391, 399, 407, 409, 410, 413, 414, 415, 416, 417, 420, 428, 429, 431, 432, 434, 435, 436, 438, 446, 447, 449, 450, 452, 453, 454, 456, 468, 469, 471, 473, 474, 475, 476, 477, 478, 481, 483, 484, 487, 488, 490, 493, 494, 495, 507, 508, 510, 512, 513, 514, 515, 516, 517, 520, 522, 523, 526, 527, 528, 531, 532, 533], "excluded_lines": [], "functions": {"QueueManager.__init__": {"executed_lines": [], "summary": {"covered_lines": 0, "num_statements": 8, "percent_covered": 0.0, "percent_covered_display": "0", "missing_lines": 8, "excluded_lines": 0}, "missing_lines": [13, 14, 15, 16, 17, 18, 19, 20], "excluded_lines": []}, "QueueManager.populate_and_play": {"executed_lines": [], "summary": {"covered_lines": 0, "num_statements": 23, "percent_covered": 0.0, "percent_covered_display": "0", "missing_lines": 23, "excluded_lines": 0}, "missing_lines": [32, 33, 35, 36, 37, 39, 40, 43, 44, 46, 49, 51, 52, 53, 54, 57, 58, 61, 62, 63, 66, 67, 69], "excluded_lines": []}, "QueueManager.insert_after_current": {"executed_lines": [], "summary": {"covered_lines": 0, "num_statements": 11, "percent_covered": 0.0, "percent_covered_display": "0", "missing_lines": 11, "excluded_lines": 0}, "missing_lines": [77, 78, 80, 81, 83, 84, 85, 87, 88, 89, 92], "excluded_lines": []}, "QueueManager.add_to_queue_end": {"executed_lines": [], "summary": {"covered_lines": 0, "num_statements": 9, "percent_covered": 0.0, "percent_covered_display": "0", "missing_lines": 9, "excluded_lines": 0}, "missing_lines": [100, 101, 103, 104, 106, 107, 108, 110, 113], "excluded_lines": []}, "QueueManager.add_to_queue": {"executed_lines": [], "summary": {"covered_lines": 0, "num_statements": 1, "percent_covered": 0.0, "percent_covered_display": "0", "missing_lines": 1, "excluded_lines": 0}, "missing_lines": [121], "excluded_lines": []}, "QueueManager.reorder_queue": {"executed_lines": [], "summary": {"covered_lines": 0, "num_statements": 18, "percent_covered": 0.0, "percent_covered_display": "0", "missing_lines": 18, "excluded_lines": 0}, "missing_lines": [130, 131, 133, 134, 136, 137, 139, 140, 141, 144, 146, 149, 151, 152, 154, 155, 157, 160], "excluded_lines": []}, "QueueManager.move_current_to_end": {"executed_lines": [], "summary": {"covered_lines": 0, "num_statements": 13, "percent_covered": 0.0, "percent_covered_display": "0", "missing_lines": 13, "excluded_lines": 0}, "missing_lines": [168, 169, 171, 172, 174, 175, 177, 178, 179, 182, 183, 186, 189], "excluded_lines": []}, "QueueManager.move_last_to_beginning": {"executed_lines": [], "summary": {"covered_lines": 0, "num_statements": 11, "percent_covered": 0.0, "percent_covered_display": "0", "missing_lines": 11, "excluded_lines": 0}, "missing_lines": [197, 198, 200, 201, 203, 204, 205, 208, 209, 212, 215], "excluded_lines": []}, "QueueManager.remove_from_queue_at_index": {"executed_lines": [], "summary": {"covered_lines": 0, "num_statements": 17, "percent_covered": 0.0, "percent_covered_display": "0", "missing_lines": 17, "excluded_lines": 0}, "missing_lines": [223, 224, 226, 227, 229, 230, 231, 232, 234, 237, 238, 239, 241, 243, 244, 246, 249], "excluded_lines": []}, "QueueManager.remove_from_queue": {"executed_lines": [], "summary": {"covered_lines": 0, "num_statements": 6, "percent_covered": 0.0, "percent_covered_display": "0", "missing_lines": 6, "excluded_lines": 0}, "missing_lines": [254, 255, 256, 257, 258, 259], "excluded_lines": []}, "QueueManager.clear_queue": {"executed_lines": [], "summary": {"covered_lines": 0, "num_statements": 8, "percent_covered": 0.0, "percent_covered_display": "0", "missing_lines": 8, "excluded_lines": 0}, "missing_lines": [263, 264, 266, 267, 268, 270, 271, 272], "excluded_lines": []}, "QueueManager.get_queue_items": {"executed_lines": [], "summary": {"covered_lines": 0, "num_statements": 7, "percent_covered": 0.0, "percent_covered_display": "0", "missing_lines": 7, "excluded_lines": 0}, "missing_lines": [280, 281, 282, 283, 285, 288, 289], "excluded_lines": []}, "QueueManager.get_current_track": {"executed_lines": [], "summary": {"covered_lines": 0, "num_statements": 3, "percent_covered": 0.0, "percent_covered_display": "0", "missing_lines": 3, "excluded_lines": 0}, "missing_lines": [297, 298, 299], "excluded_lines": []}, "QueueManager.get_queue_count": {"executed_lines": [], "summary": {"covered_lines": 0, "num_statements": 1, "percent_covered": 0.0, "percent_covered_display": "0", "missing_lines": 1, "excluded_lines": 0}, "missing_lines": [307], "excluded_lines": []}, "QueueManager.find_file_in_queue": {"executed_lines": [], "summary": {"covered_lines": 0, "num_statements": 6, "percent_covered": 0.0, "percent_covered_display": "0", "missing_lines": 6, "excluded_lines": 0}, "missing_lines": [311, 312, 313, 314, 315, 316], "excluded_lines": []}, "QueueManager.search_queue": {"executed_lines": [], "summary": {"covered_lines": 0, "num_statements": 11, "percent_covered": 0.0, "percent_covered_display": "0", "missing_lines": 11, "excluded_lines": 0}, "missing_lines": [327, 328, 330, 331, 333, 334, 335, 336, 337, 338, 340], "excluded_lines": []}, "QueueManager.process_dropped_files": {"executed_lines": [], "summary": {"covered_lines": 0, "num_statements": 13, "percent_covered": 0.0, "percent_covered_display": "0", "missing_lines": 13, "excluded_lines": 0}, "missing_lines": [348, 349, 350, 351, 353, 354, 355, 356, 357, 358, 359, 361, 362], "excluded_lines": []}, "QueueManager.toggle_shuffle": {"executed_lines": [], "summary": {"covered_lines": 0, "num_statements": 11, "percent_covered": 0.0, "percent_covered_display": "0", "missing_lines": 11, "excluded_lines": 0}, "missing_lines": [373, 376, 378, 379, 380, 381, 384, 385, 388, 389, 391], "excluded_lines": []}, "QueueManager.is_shuffle_enabled": {"executed_lines": [], "summary": {"covered_lines": 0, "num_statements": 1, "percent_covered": 0.0, "percent_covered_display": "0", "missing_lines": 1, "excluded_lines": 0}, "missing_lines": [399], "excluded_lines": []}, "QueueManager.get_shuffled_queue_items": {"executed_lines": [], "summary": {"covered_lines": 0, "num_statements": 9, "percent_covered": 0.0, "percent_covered_display": "0", "missing_lines": 9, "excluded_lines": 0}, "missing_lines": [407, 409, 410, 413, 414, 415, 416, 417, 420], "excluded_lines": []}, "QueueManager.next_track": {"executed_lines": [], "summary": {"covered_lines": 0, "num_statements": 8, "percent_covered": 0.0, "percent_covered_display": "0", "missing_lines": 8, "excluded_lines": 0}, "missing_lines": [428, 429, 431, 432, 434, 435, 436, 438], "excluded_lines": []}, "QueueManager.previous_track": {"executed_lines": [], "summary": {"covered_lines": 0, "num_statements": 8, "percent_covered": 0.0, "percent_covered_display": "0", "missing_lines": 8, "excluded_lines": 0}, "missing_lines": [446, 447, 449, 450, 452, 453, 454, 456], "excluded_lines": []}, "QueueManager.get_next_track_index": {"executed_lines": [], "summary": {"covered_lines": 0, "num_statements": 18, "percent_covered": 0.0, "percent_covered_display": "0", "missing_lines": 18, "excluded_lines": 0}, "missing_lines": [468, 469, 471, 473, 474, 475, 476, 477, 478, 481, 483, 484, 487, 488, 490, 493, 494, 495], "excluded_lines": []}, "QueueManager.get_previous_track_index": {"executed_lines": [], "summary": {"covered_lines": 0, "num_statements": 18, "percent_covered": 0.0, "percent_covered_display": "0", "missing_lines": 18, "excluded_lines": 0}, "missing_lines": [507, 508, 510, 512, 513, 514, 515, 516, 517, 520, 522, 523, 526, 527, 528, 531, 532, 533], "excluded_lines": []}, "": {"executed_lines": [1, 2, 3, 4, 5, 6, 9, 10, 12, 22, 71, 94, 115, 123, 162, 191, 217, 251, 261, 274, 291, 301, 309, 318, 342, 364, 393, 401, 422, 440, 458, 497], "summary": {"covered_lines": 31, "num_statements": 31, "percent_covered": 100.0, "percent_covered_display": "100", "missing_lines": 0, "excluded_lines": 0}, "missing_lines": [], "excluded_lines": []}}, "classes": {"QueueManager": {"executed_lines": [], "summary": {"covered_lines": 0, "num_statements": 239, "percent_covered": 0.0, "percent_covered_display": "0", "missing_lines": 239, "excluded_lines": 0}, "missing_lines": [13, 14, 15, 16, 17, 18, 19, 20, 32, 33, 35, 36, 37, 39, 40, 43, 44, 46, 49, 51, 52, 53, 54, 57, 58, 61, 62, 63, 66, 67, 69, 77, 78, 80, 81, 83, 84, 85, 87, 88, 89, 92, 100, 101, 103, 104, 106, 107, 108, 110, 113, 121, 130, 131, 133, 134, 136, 137, 139, 140, 141, 144, 146, 149, 151, 152, 154, 155, 157, 160, 168, 169, 171, 172, 174, 175, 177, 178, 179, 182, 183, 186, 189, 197, 198, 200, 201, 203, 204, 205, 208, 209, 212, 215, 223, 224, 226, 227, 229, 230, 231, 232, 234, 237, 238, 239, 241, 243, 244, 246, 249, 254, 255, 256, 257, 258, 259, 263, 264, 266, 267, 268, 270, 271, 272, 280, 281, 282, 283, 285, 288, 289, 297, 298, 299, 307, 311, 312, 313, 314, 315, 316, 327, 328, 330, 331, 333, 334, 335, 336, 337, 338, 340, 348, 349, 350, 351, 353, 354, 355, 356, 357, 358, 359, 361, 362, 373, 376, 378, 379, 380, 381, 384, 385, 388, 389, 391, 399, 407, 409, 410, 413, 414, 415, 416, 417, 420, 428, 429, 431, 432, 434, 435, 436, 438, 446, 447, 449, 450, 452, 453, 454, 456, 468, 469, 471, 473, 474, 475, 476, 477, 478, 481, 483, 484, 487, 488, 490, 493, 494, 495, 507, 508, 510, 512, 513, 514, 515, 516, 517, 520, 522, 523, 526, 527, 528, 531, 532, 533], "excluded_lines": []}, "": {"executed_lines": [1, 2, 3, 4, 5, 6, 9, 10, 12, 22, 71, 94, 115, 123, 162, 191, 217, 251, 261, 274, 291, 301, 309, 318, 342, 364, 393, 401, 422, 440, 458, 497], "summary": {"covered_lines": 31, "num_statements": 31, "percent_covered": 100.0, "percent_covered_display": "100", "missing_lines": 0, "excluded_lines": 0}, "missing_lines": [], "excluded_lines": []}}}, "hatch_build.py": {"executed_lines": [], "summary": {"covered_lines": 0, "num_statements": 8, "percent_covered": 0.0, "percent_covered_display": "0", "missing_lines": 8, "excluded_lines": 0}, "missing_lines": [1, 2, 3, 6, 7, 8, 10, 11], "excluded_lines": [], "functions": {"CustomBuildHook.initialize": {"executed_lines": [], "summary": {"covered_lines": 0, "num_statements": 3, "percent_covered": 0.0, "percent_covered_display": "0", "missing_lines": 3, "excluded_lines": 0}, "missing_lines": [8, 10, 11], "excluded_lines": []}, "": {"executed_lines": [], "summary": {"covered_lines": 0, "num_statements": 5, "percent_covered": 0.0, "percent_covered_display": "0", "missing_lines": 5, "excluded_lines": 0}, "missing_lines": [1, 2, 3, 6, 7], "excluded_lines": []}}, "classes": {"CustomBuildHook": {"executed_lines": [], "summary": {"covered_lines": 0, "num_statements": 3, "percent_covered": 0.0, "percent_covered_display": "0", "missing_lines": 3, "excluded_lines": 0}, "missing_lines": [8, 10, 11], "excluded_lines": []}, "": {"executed_lines": [], "summary": {"covered_lines": 0, "num_statements": 5, "percent_covered": 0.0, "percent_covered_display": "0", "missing_lines": 5, "excluded_lines": 0}, "missing_lines": [1, 2, 3, 6, 7], "excluded_lines": []}}}, "main.py": {"executed_lines": [], "summary": {"covered_lines": 0, "num_statements": 42, "percent_covered": 0.0, "percent_covered_display": "0", "missing_lines": 42, "excluded_lines": 3}, "missing_lines": [3, 4, 5, 6, 7, 8, 9, 10, 11, 12, 13, 16, 18, 20, 21, 22, 25, 26, 29, 32, 34, 37, 38, 39, 42, 43, 46, 47, 50, 51, 53, 54, 57, 59, 61, 63, 64, 65, 71, 72, 73, 74], "excluded_lines": [77, 78, 79], "functions": {"main": {"executed_lines": [], "summary": {"covered_lines": 0, "num_statements": 30, "percent_covered": 0.0, "percent_covered_display": "0", "missing_lines": 30, "excluded_lines": 0}, "missing_lines": [18, 20, 21, 22, 25, 26, 29, 32, 34, 37, 38, 39, 42, 43, 46, 47, 50, 51, 53, 54, 57, 59, 61, 63, 64, 65, 71, 72, 73, 74], "excluded_lines": []}, "": {"executed_lines": [], "summary": {"covered_lines": 0, "num_statements": 12, "percent_covered": 0.0, "percent_covered_display": "0", "missing_lines": 12, "excluded_lines": 3}, "missing_lines": [3, 4, 5, 6, 7, 8, 9, 10, 11, 12, 13, 16], "excluded_lines": [77, 78, 79]}}, "classes": {"": {"executed_lines": [], "summary": {"covered_lines": 0, "num_statements": 42, "percent_covered": 0.0, "percent_covered_display": "0", "missing_lines": 42, "excluded_lines": 3}, "missing_lines": [3, 4, 5, 6, 7, 8, 9, 10, 11, 12, 13, 16, 18, 20, 21, 22, 25, 26, 29, 32, 34, 37, 38, 39, 42, 43, 46, 47, 50, 51, 53, 54, 57, 59, 61, 63, 64, 65, 71, 72, 73, 74], "excluded_lines": [77, 78, 79]}}}, "utils/files.py": {"executed_lines": [1, 2, 3, 4, 7, 25], "summary": {"covered_lines": 6, "num_statements": 37, "percent_covered": 16.216216216216218, "percent_covered_display": "16", "missing_lines": 31, "excluded_lines": 0}, "missing_lines": [8, 9, 11, 13, 14, 15, 16, 17, 18, 19, 20, 22, 26, 27, 29, 30, 31, 33, 35, 36, 37, 38, 39, 40, 41, 42, 43, 44, 45, 47, 48], "excluded_lines": [], "functions": {"normalize_path": {"executed_lines": [], "summary": {"covered_lines": 0, "num_statements": 12, "percent_covered": 0.0, "percent_covered_display": "0", "missing_lines": 12, "excluded_lines": 0}, "missing_lines": [8, 9, 11, 13, 14, 15, 16, 17, 18, 19, 20, 22], "excluded_lines": []}, "find_audio_files": {"executed_lines": [], "summary": {"covered_lines": 0, "num_statements": 5, "percent_covered": 0.0, "percent_covered_display": "0", "missing_lines": 5, "excluded_lines": 0}, "missing_lines": [26, 27, 29, 47, 48], "excluded_lines": []}, "find_audio_files.scan_directory": {"executed_lines": [], "summary": {"covered_lines": 0, "num_statements": 14, "percent_covered": 0.0, "percent_covered_display": "0", "missing_lines": 14, "excluded_lines": 0}, "missing_lines": [30, 31, 33, 35, 36, 37, 38, 39, 40, 41, 42, 43, 44, 45], "excluded_lines": []}, "": {"executed_lines": [1, 2, 3, 4, 7, 25], "summary": {"covered_lines": 6, "num_statements": 6, "percent_covered": 100.0, "percent_covered_display": "100", "missing_lines": 0, "excluded_lines": 0}, "missing_lines": [], "excluded_lines": []}}, "classes": {"": {"executed_lines": [1, 2, 3, 4, 7, 25], "summary": {"covered_lines": 6, "num_statements": 37, "percent_covered": 16.216216216216218, "percent_covered_display": "16", "missing_lines": 31, "excluded_lines": 0}, "missing_lines": [8, 9, 11, 13, 14, 15, 16, 17, 18, 19, 20, 22, 26, 27, 29, 30, 31, 33, 35, 36, 37, 38, 39, 40, 41, 42, 43, 44, 45, 47, 48], "excluded_lines": []}}}, "utils/lyrics.py": {"executed_lines": [15, 39, 40, 41, 42, 43, 46, 71, 119], "summary": {"covered_lines": 7, "num_statements": 29, "percent_covered": 24.137931034482758, "percent_covered_display": "24", "missing_lines": 22, "excluded_lines": 11}, "missing_lines": [53, 54, 55, 56, 57, 59, 60, 62, 63, 64, 65, 66, 68, 87, 88, 89, 91, 92, 100, 107, 108, 109], "excluded_lines": [119, 121, 122, 123, 125, 126, 127, 130, 131, 133, 134], "functions": {"get_genius_client": {"executed_lines": [], "summary": {"covered_lines": 0, "num_statements": 13, "percent_covered": 0.0, "percent_covered_display": "0", "missing_lines": 13, "excluded_lines": 0}, "missing_lines": [53, 54, 55, 56, 57, 59, 60, 62, 63, 64, 65, 66, 68], "excluded_lines": []}, "fetch_lyrics": {"executed_lines": [], "summary": {"covered_lines": 0, "num_statements": 9, "percent_covered": 0.0, "percent_covered_display": "0", "missing_lines": 9, "excluded_lines": 0}, "missing_lines": [87, 88, 89, 91, 92, 100, 107, 108, 109], "excluded_lines": []}, "": {"executed_lines": [15, 39, 40, 41, 42, 43, 46, 71, 119], "summary": {"covered_lines": 7, "num_statements": 7, "percent_covered": 100.0, "percent_covered_display": "100", "missing_lines": 0, "excluded_lines": 11}, "missing_lines": [], "excluded_lines": [119, 121, 122, 123, 125, 126, 127, 130, 131, 133, 134]}}, "classes": {"": {"executed_lines": [15, 39, 40, 41, 42, 43, 46, 71, 119], "summary": {"covered_lines": 7, "num_statements": 29, "percent_covered": 24.137931034482758, "percent_covered_display": "24", "missing_lines": 22, "excluded_lines": 11}, "missing_lines": [53, 54, 55, 56, 57, 59, 60, 62, 63, 64, 65, 66, 68, 87, 88, 89, 91, 92, 100, 107, 108, 109], "excluded_lines": [119, 121, 122, 123, 125, 126, 127, 130, 131, 133, 134]}}}}, "totals": {"covered_lines": 349, "num_statements": 1603, "percent_covered": 21.771678103555832, "percent_covered_display": "22", "missing_lines": 1254, "excluded_lines": 16}}